-------------------------------------------------------------------------------
>Log Session: Monday, January 27, 2020 12:59:35 PM EET
>System Info: 
  Product Version         = Apache NetBeans IDE 11.1
  Operating System        = Windows 10 version 10.0 running on amd64
  Java; VM; Vendor        = 1.8.0_231; Java HotSpot(TM) 64-Bit Server VM 25.231-b11; Oracle Corporation
  Runtime                 = Java(TM) SE Runtime Environment 1.8.0_231-b11
  Java Home               = C:\Program Files\Java\jdk1.8.0_231\jre
  System Locale; Encoding = en_US (nb); Cp1252
  Home Directory          = C:\Users\ThinkPad
  Current Directory       = C:\Program Files\NetBeans-11.1
  User Directory          = D:\Tek\Exercises
  Cache Directory         = C:\Users\ThinkPad\AppData\Local\NetBeans\Cache\11.1
  Installation            = C:\Program Files\NetBeans-11.1\netbeans\nb
                            C:\Program Files\NetBeans-11.1\netbeans\ergonomics
                            C:\Program Files\NetBeans-11.1\netbeans\ide
                            C:\Program Files\NetBeans-11.1\netbeans\extide
                            C:\Program Files\NetBeans-11.1\netbeans\java
                            C:\Program Files\NetBeans-11.1\netbeans\apisupport
                            C:\Program Files\NetBeans-11.1\netbeans\webcommon
                            C:\Program Files\NetBeans-11.1\netbeans\websvccommon
                            C:\Program Files\NetBeans-11.1\netbeans\enterprise
                            C:\Program Files\NetBeans-11.1\netbeans\profiler
                            C:\Program Files\NetBeans-11.1\netbeans\php
                            C:\Program Files\NetBeans-11.1\netbeans\harness
                            C:\Program Files\NetBeans-11.1\netbeans\groovy
                            C:\Program Files\NetBeans-11.1\netbeans\javafx
                            C:\Program Files\NetBeans-11.1\netbeans\platform
  Boot & Ext. Classpath   = C:\Program Files\Java\jdk1.8.0_231\jre\lib\resources.jar;C:\Program Files\Java\jdk1.8.0_231\jre\lib\rt.jar;C:\Program Files\Java\jdk1.8.0_231\jre\lib\sunrsasign.jar;C:\Program Files\Java\jdk1.8.0_231\jre\lib\jsse.jar;C:\Program Files\Java\jdk1.8.0_231\jre\lib\jce.jar;C:\Program Files\Java\jdk1.8.0_231\jre\lib\charsets.jar;C:\Program Files\Java\jdk1.8.0_231\jre\lib\jfr.jar;C:\Program Files\Java\jdk1.8.0_231\jre\classes;C:\Program Files\Java\jdk1.8.0_231\jre\lib\ext\access-bridge-64.jar;C:\Program Files\Java\jdk1.8.0_231\jre\lib\ext\cldrdata.jar;C:\Program Files\Java\jdk1.8.0_231\jre\lib\ext\dnsns.jar;C:\Program Files\Java\jdk1.8.0_231\jre\lib\ext\jaccess.jar;C:\Program Files\Java\jdk1.8.0_231\jre\lib\ext\jfxrt.jar;C:\Program Files\Java\jdk1.8.0_231\jre\lib\ext\localedata.jar;C:\Program Files\Java\jdk1.8.0_231\jre\lib\ext\nashorn.jar;C:\Program Files\Java\jdk1.8.0_231\jre\lib\ext\sunec.jar;C:\Program Files\Java\jdk1.8.0_231\jre\lib\ext\sunjce_provider.jar;C:\Program Files\Java\jdk1.8.0_231\jre\lib\ext\sunmscapi.jar;C:\Program Files\Java\jdk1.8.0_231\jre\lib\ext\sunpkcs11.jar;C:\Program Files\Java\jdk1.8.0_231\jre\lib\ext\zipfs.jar
  Application Classpath   = C:\Program Files\NetBeans-11.1\netbeans\platform\lib\boot.jar;C:\Program Files\NetBeans-11.1\netbeans\platform\lib\org-openide-modules.jar;C:\Program Files\NetBeans-11.1\netbeans\platform\lib\org-openide-util-lookup.jar;C:\Program Files\NetBeans-11.1\netbeans\platform\lib\org-openide-util-ui.jar;C:\Program Files\NetBeans-11.1\netbeans\platform\lib\org-openide-util.jar;C:\Program Files\Java\jdk1.8.0_231\lib\dt.jar;C:\Program Files\Java\jdk1.8.0_231\lib\tools.jar
  Startup Classpath       = C:\Program Files\NetBeans-11.1\netbeans\platform\core\asm-all-5.0.1.jar;C:\Program Files\NetBeans-11.1\netbeans\platform\core\core-base.jar;C:\Program Files\NetBeans-11.1\netbeans\platform\core\core.jar;C:\Program Files\NetBeans-11.1\netbeans\platform\core\org-netbeans-libs-asm.jar;C:\Program Files\NetBeans-11.1\netbeans\platform\core\org-openide-filesystems-compat8.jar;C:\Program Files\NetBeans-11.1\netbeans\platform\core\org-openide-filesystems.jar;C:\Program Files\NetBeans-11.1\netbeans\nb\core\org-netbeans-upgrader.jar;C:\Program Files\NetBeans-11.1\netbeans\nb\core\locale\core_nb.jar
-------------------------------------------------------------------------------
WARNING [org.netbeans.core.startup.NbEvents]: The extension C:\Program Files\NetBeans-11.1\netbeans\ide\modules\ext\jcodings-1.0.18.jar may be multiply loaded by modules: [C:\Program Files\NetBeans-11.1\netbeans\ide\modules\org-netbeans-libs-bytelist.jar, C:\Program Files\NetBeans-11.1\netbeans\ide\modules\org-netbeans-modules-textmate-lexer.jar]; see: http://www.netbeans.org/download/dev/javadoc/org-openide-modules/org/openide/modules/doc-files/classpath.html#class-path
WARNING [org.netbeans.JarClassLoader]: Opening C:\Program Files\NetBeans-11.1\netbeans\ide\modules\ext\processtreekiller-1.0.7.jar took 553 ms
INFO [org.netbeans.modules.netbinox]: Install area set to file:/C:/Program Files/NetBeans-11.1/netbeans/
WARNING [org.netbeans.core.modules]: the modules [org.netbeans.modules.xml.text] use org.netbeans.modules.editor.deprecated.pre65formatting which is deprecated.
WARNING [org.netbeans.core.modules]: the modules [org.netbeans.modules.ide.kit, org.netbeans.modules.xml.text] use org.netbeans.modules.editor.structure which is deprecated.
WARNING [org.openide.filesystems.Ordering]: Found same position 127 for both Services/MIMEResolver/org-netbeans-modules-javascript-nodejs-file-PackageLockJsonDataObject-Registration.xml and Services/MIMEResolver/org-netbeans-modules-javascript-nodejs-file-NpmDebugLogDataObject-Registration.xml
WARNING [org.openide.filesystems.Ordering]: Found same position 127 for both Services/MIMEResolver/org-netbeans-modules-javascript-nodejs-file-PackageLockJsonDataObject-Registration.xml and Services/MIMEResolver/org-netbeans-modules-javascript-nodejs-file-PackageJsonDataObject-Registration.xml
WARNING [org.openide.filesystems.Ordering]: Found same position 127 for both Services/MIMEResolver/org-netbeans-modules-javascript-nodejs-file-NpmDebugLogDataObject-Registration.xml and Services/MIMEResolver/org-netbeans-modules-javascript-nodejs-file-PackageJsonDataObject-Registration.xml
WARNING [org.openide.filesystems.Ordering]: Not all children in Services/MIMEResolver/ marked with the position attribute: [org-netbeans-modules-kotlin-editor-KtDataObject-Extension.xml], but some are: [org-openide-loaders-DataLoaderPool$InstanceLoaderSystem-Extension.xml, org-netbeans-core-startup-layers-SystemFileSystem-Extension.xml, org-netbeans-modules-java-JavaDataObject-Extension.xml, org-netbeans-modules-java-ClassDataObject-Extension.xml, org-netbeans-modules-image-ImageDataObject-serialVersionUID-Extension.xml, org-netbeans-modules-image-ImageDataObject-IMAGE_ICON_BASE-Extension.xml, org-netbeans-modules-image-ImageDataObject-openSupport-Extension.xml, org-netbeans-modules-image-ImageDataObject-printSupport-Extension.xml, org-netbeans-modules-properties-PropertiesDataObject-Extension.xml, org-netbeans-modules-javascript-gulp-file-Gulpfile-Registration.xml, org-netbeans-modules-javascript-grunt-file-Gruntfile-Registration.xml, org-netbeans-modules-javascript2-editor-JsonLanguage-createMultiViewEditorElement-Registration.xml, org-netbeans-modules-php-twig-editor-TwigDataObject-Extension.xml, org-netbeans-modules-javascript-karma-util-KarmaUtils-Registration.xml, org-netbeans-modules-javascript-nodejs-file-NpmDebugLogDataObject-Registration.xml, org-netbeans-modules-javascript-nodejs-file-PackageJsonDataObject-Registration.xml, org-netbeans-modules-javascript-nodejs-file-PackageLockJsonDataObject-Registration.xml, org-netbeans-modules-javascript-bower-file-BowerJson-Registration.xml, org-netbeans-modules-javascript-bower-file-BowerrcJson-Registration.xml, org-netbeans-modules-languages-manifest-MfDataObject-Extension.xml, org-netbeans-modules-languages-apacheconf-ApacheConfDataObject-Registration.xml, org-netbeans-modules-javascript-jstestdriver-JSTestDriverSupport-Registration.xml, org-netbeans-modules-languages-ini-IniDataObject-Extension.xml, org-netbeans-modules-languages-neon-NeonDataObject-Extension.xml, org-netbeans-modules-form-FormDataLoader-Extension.xml, org-netbeans-core-ide-ServiceTabProcessor-Extension.xml, org-netbeans-modules-testng-ui-wizards-TestNGSuiteDataObject-Registration.xml, org-netbeans-modules-css-editor-CssProjectSupport-Extension.xml, org-netbeans-modules-languages-diff-DiffDataObject-Extension.xml, org-netbeans-modules-javascript2-editor-JsLanguage-createMultiViewEditorElement-Extension.xml, org-netbeans-modules-javascript2-jade-editor-JadeLanguage-createMultiViewEditorElement-Extension.xml, org-netbeans-modules-javascript2-editor-JsonLanguage-createMultiViewEditorElement-Extension.xml, org-netbeans-modules-db-sql-loader-SQLDataObject-Extension.xml, org-netbeans-modules-javawebstart-JnlpDataObject-Extension.xml, org-netbeans-modules-j2ee-persistence-unit-PUDataObject-Registration.xml, org-netbeans-modules-jshell-env-JShellDataObject-Extension.xml, org-netbeans-modules-groovy-gsp-GspLanguage-Extension.xml, org-netbeans-modules-languages-yaml-YamlLanguage-Extension.xml, org-netbeans-modules-groovy-editor-api-parser-GroovyLanguage-Extension.xml, org-netbeans-modules-php-editor-index-PHPIndexer-LOG-Extension.xml, org-netbeans-modules-gradle-GradleDataObject-Extension.xml, org-netbeans-modules-html-HtmlDataObject-Registration.xml, org-netbeans-modules-maven-grammar-POMDataObject-Registration.xml, org-apache-tools-ant-module-loader-AntProjectDataObject-Registration.xml, org-netbeans-modules-apisupport-project-layers-LayerDataObject-Namespace.xml, org-netbeans-modules-editor-settings-storage-SettingsProvider-Registration.xml, org-netbeans-modules-j2ee-ddloaders-common-DD2beansDataObject-Registration.xml, org-netbeans-modules-j2ee-sun-ddloaders-SunDescriptorDataObject-Registration.xml, org-netbeans-modules-url-URLDataObject-Extension.xml, org-netbeans-modules-pdf-PDFDataObject-Extension.xml, org-netbeans-modules-php-smarty-editor-TplDataObject-Extension.xml, org-netbeans-modules-tomcat5-ui-nodes-TomcatInstanceNode-createMultiViewEditorElement-Registration.xml, org-netbeans-modules-web-core-jsploader-JspDataObject-Registration.xml, org-netbeans-modules-web-jsf-JSFConfigDataObject-Registration.xml, org-netbeans-modules-web-struts-StrutsConfigDataObject-Namespace.xml, org-netbeans-modules-spring-beans-loader-SpringXMLConfigDataObject-Namespace.xml, org-netbeans-modules-xsl-XSLDataObject-Namespace.xml, org-netbeans-modules-java-jarloader-JarDataObject-Registration.xml, org-netbeans-modules-xml-jaxb-JAXBWizard-Extension.xml, org-netbeans-lib-editor-codetemplates-storage-CodeTemplatesStorage-Namespace.xml, org-netbeans-modules-editor-macros-storage-MacrosStorage-Namespace.xml, mimeresolver-Registration.xml, org-netbeans-modules-web-beans-BeansDataObject-Namespace.xml, org-netbeans-modules-j2ee-sun-ide-sunresources-resourcesloader-SunResourceDataObject-Extension.xml, org-netbeans-modules-profiler-oql-language-OQLLanguageProvider-Extension.xml, org-netbeans-modules-dbschema-jdbcimpl-DBschemaDataObject-Extension.xml, org-netbeans-modules-css-prep-editor-less-LessCslLanguage-Extension.xml, org-netbeans-modules-css-prep-editor-scss-ScssCslLanguage-Extension.xml, org-netbeans-modules-j2ee-persistence-jpqleditor-ui-JPQLEditorTopComponent-Extension.xml, org-netbeans-modules-php-latte-LatteDataObject-Extension.xml, org-netbeans-modules-profiler-snaptracer-impl-NpssDataObject-Registration.xml, org-netbeans-modules-java-hints-declarative-HintDataObject-Extension.xml, org-netbeans-modules-payara-eecommon-dd-loader-PayaraDescriptorDataObject-Registration.xml, org-netbeans-modules-javafx2-editor-fxml-FXMLDataObject-Extension.xml, org-netbeans-modules-form-palette-PaletteItemDataObject-Extension.xml, org-netbeans-modules-xml-XMLDataObject-MIME_PLAIN_XML-Registration.xml, org-netbeans-modules-xml-DTDDataObject-Extension.xml, org-netbeans-modules-xml-EntityDataObject-Extension.xml, org-netbeans-modules-xml-XMLDataObject-MIME_XSD_XML-Registration.xml, org-netbeans-libs-freemarker-FreemarkerFactory-Registration.xml, org-netbeans-modules-apisupport-project-layers-LayerDataObject-Registration.xml, resources-Registration.xml, org-netbeans-modules-profiler-ui-NpsDataObject-Registration.xml, org-netbeans-modules-profiler-ui-HprofDataObject-Registration.xml, org-netbeans-modules-javascript-nodejs-file-NodeMimeResolver-Registration.xml, org-netbeans-modules-xml-XMLDataObject-Registration.xml, org-netbeans-modules-java-hints-declarative-test-DeclarativeHintsTestDataObject-Extension.xml, org-netbeans-modules-debugger-jpda-truffle-mime-LanguageResolvers-SimpleLanguage-Extension.xml, org-netbeans-modules-debugger-jpda-truffle-mime-LanguageResolvers-R-Extension.xml, org-netbeans-modules-debugger-jpda-truffle-mime-LanguageResolvers-Ruby-Extension.xml, org-netbeans-modules-debugger-jpda-truffle-mime-LanguageResolvers-Python-Extension.xml, org-netbeans-modules-defaults-mime-wav.xml]
WARNING [org.openide.filesystems.Ordering]: Found same position 127 for both Services/MIMEResolver/org-netbeans-modules-javascript-nodejs-file-NpmDebugLogDataObject-Registration.xml and Services/MIMEResolver/org-netbeans-modules-javascript-nodejs-file-PackageJsonDataObject-Registration.xml
WARNING [org.openide.filesystems.Ordering]: Found same position 127 for both Services/MIMEResolver/org-netbeans-modules-javascript-nodejs-file-NpmDebugLogDataObject-Registration.xml and Services/MIMEResolver/org-netbeans-modules-javascript-nodejs-file-PackageLockJsonDataObject-Registration.xml
WARNING [org.openide.filesystems.Ordering]: Found same position 127 for both Services/MIMEResolver/org-netbeans-modules-javascript-nodejs-file-PackageJsonDataObject-Registration.xml and Services/MIMEResolver/org-netbeans-modules-javascript-nodejs-file-PackageLockJsonDataObject-Registration.xml
WARNING [org.openide.filesystems.Ordering]: Not all children in Services/MIMEResolver/ marked with the position attribute: [org-netbeans-modules-kotlin-editor-KtDataObject-Extension.xml], but some are: [org-openide-loaders-DataLoaderPool$InstanceLoaderSystem-Extension.xml, org-netbeans-core-startup-layers-SystemFileSystem-Extension.xml, org-netbeans-modules-java-JavaDataObject-Extension.xml, org-netbeans-modules-java-ClassDataObject-Extension.xml, org-netbeans-modules-image-ImageDataObject-serialVersionUID-Extension.xml, org-netbeans-modules-image-ImageDataObject-IMAGE_ICON_BASE-Extension.xml, org-netbeans-modules-image-ImageDataObject-openSupport-Extension.xml, org-netbeans-modules-image-ImageDataObject-printSupport-Extension.xml, org-netbeans-modules-properties-PropertiesDataObject-Extension.xml, org-netbeans-modules-javascript-gulp-file-Gulpfile-Registration.xml, org-netbeans-modules-javascript-grunt-file-Gruntfile-Registration.xml, org-netbeans-modules-javascript2-editor-JsonLanguage-createMultiViewEditorElement-Registration.xml, org-netbeans-modules-php-twig-editor-TwigDataObject-Extension.xml, org-netbeans-modules-javascript-karma-util-KarmaUtils-Registration.xml, org-netbeans-modules-javascript-nodejs-file-NpmDebugLogDataObject-Registration.xml, org-netbeans-modules-javascript-nodejs-file-PackageJsonDataObject-Registration.xml, org-netbeans-modules-javascript-nodejs-file-PackageLockJsonDataObject-Registration.xml, org-netbeans-modules-javascript-bower-file-BowerJson-Registration.xml, org-netbeans-modules-javascript-bower-file-BowerrcJson-Registration.xml, org-netbeans-modules-languages-manifest-MfDataObject-Extension.xml, org-netbeans-modules-languages-apacheconf-ApacheConfDataObject-Registration.xml, org-netbeans-modules-javascript-jstestdriver-JSTestDriverSupport-Registration.xml, org-netbeans-modules-languages-ini-IniDataObject-Extension.xml, org-netbeans-modules-languages-neon-NeonDataObject-Extension.xml, org-netbeans-modules-form-FormDataLoader-Extension.xml, org-netbeans-core-ide-ServiceTabProcessor-Extension.xml, org-netbeans-modules-testng-ui-wizards-TestNGSuiteDataObject-Registration.xml, org-netbeans-modules-css-editor-CssProjectSupport-Extension.xml, org-netbeans-modules-languages-diff-DiffDataObject-Extension.xml, org-netbeans-modules-javascript2-editor-JsLanguage-createMultiViewEditorElement-Extension.xml, org-netbeans-modules-javascript2-jade-editor-JadeLanguage-createMultiViewEditorElement-Extension.xml, org-netbeans-modules-javascript2-editor-JsonLanguage-createMultiViewEditorElement-Extension.xml, org-netbeans-modules-db-sql-loader-SQLDataObject-Extension.xml, org-netbeans-modules-javawebstart-JnlpDataObject-Extension.xml, org-netbeans-modules-j2ee-persistence-unit-PUDataObject-Registration.xml, org-netbeans-modules-jshell-env-JShellDataObject-Extension.xml, org-netbeans-modules-groovy-gsp-GspLanguage-Extension.xml, org-netbeans-modules-languages-yaml-YamlLanguage-Extension.xml, org-netbeans-modules-groovy-editor-api-parser-GroovyLanguage-Extension.xml, org-netbeans-modules-php-editor-index-PHPIndexer-LOG-Extension.xml, org-netbeans-modules-gradle-GradleDataObject-Extension.xml, org-netbeans-modules-html-HtmlDataObject-Registration.xml, org-netbeans-modules-maven-grammar-POMDataObject-Registration.xml, org-apache-tools-ant-module-loader-AntProjectDataObject-Registration.xml, org-netbeans-modules-apisupport-project-layers-LayerDataObject-Namespace.xml, org-netbeans-modules-editor-settings-storage-SettingsProvider-Registration.xml, org-netbeans-modules-j2ee-ddloaders-common-DD2beansDataObject-Registration.xml, org-netbeans-modules-j2ee-sun-ddloaders-SunDescriptorDataObject-Registration.xml, org-netbeans-modules-url-URLDataObject-Extension.xml, org-netbeans-modules-pdf-PDFDataObject-Extension.xml, org-netbeans-modules-php-smarty-editor-TplDataObject-Extension.xml, org-netbeans-modules-tomcat5-ui-nodes-TomcatInstanceNode-createMultiViewEditorElement-Registration.xml, org-netbeans-modules-web-core-jsploader-JspDataObject-Registration.xml, org-netbeans-modules-web-jsf-JSFConfigDataObject-Registration.xml, org-netbeans-modules-web-struts-StrutsConfigDataObject-Namespace.xml, org-netbeans-modules-spring-beans-loader-SpringXMLConfigDataObject-Namespace.xml, org-netbeans-modules-xsl-XSLDataObject-Namespace.xml, org-netbeans-modules-java-jarloader-JarDataObject-Registration.xml, org-netbeans-modules-xml-jaxb-JAXBWizard-Extension.xml, org-netbeans-lib-editor-codetemplates-storage-CodeTemplatesStorage-Namespace.xml, org-netbeans-modules-editor-macros-storage-MacrosStorage-Namespace.xml, mimeresolver-Registration.xml, org-netbeans-modules-web-beans-BeansDataObject-Namespace.xml, org-netbeans-modules-j2ee-sun-ide-sunresources-resourcesloader-SunResourceDataObject-Extension.xml, org-netbeans-modules-profiler-oql-language-OQLLanguageProvider-Extension.xml, org-netbeans-modules-dbschema-jdbcimpl-DBschemaDataObject-Extension.xml, org-netbeans-modules-css-prep-editor-less-LessCslLanguage-Extension.xml, org-netbeans-modules-css-prep-editor-scss-ScssCslLanguage-Extension.xml, org-netbeans-modules-j2ee-persistence-jpqleditor-ui-JPQLEditorTopComponent-Extension.xml, org-netbeans-modules-php-latte-LatteDataObject-Extension.xml, org-netbeans-modules-profiler-snaptracer-impl-NpssDataObject-Registration.xml, org-netbeans-modules-java-hints-declarative-HintDataObject-Extension.xml, org-netbeans-modules-payara-eecommon-dd-loader-PayaraDescriptorDataObject-Registration.xml, org-netbeans-modules-javafx2-editor-fxml-FXMLDataObject-Extension.xml, org-netbeans-modules-form-palette-PaletteItemDataObject-Extension.xml, org-netbeans-modules-xml-XMLDataObject-MIME_PLAIN_XML-Registration.xml, org-netbeans-modules-xml-DTDDataObject-Extension.xml, org-netbeans-modules-xml-EntityDataObject-Extension.xml, org-netbeans-modules-xml-XMLDataObject-MIME_XSD_XML-Registration.xml, org-netbeans-libs-freemarker-FreemarkerFactory-Registration.xml, org-netbeans-modules-apisupport-project-layers-LayerDataObject-Registration.xml, resources-Registration.xml, org-netbeans-modules-profiler-ui-NpsDataObject-Registration.xml, org-netbeans-modules-profiler-ui-HprofDataObject-Registration.xml, org-netbeans-modules-javascript-nodejs-file-NodeMimeResolver-Registration.xml, org-netbeans-modules-xml-XMLDataObject-Registration.xml, org-netbeans-modules-java-hints-declarative-test-DeclarativeHintsTestDataObject-Extension.xml, org-netbeans-modules-debugger-jpda-truffle-mime-LanguageResolvers-SimpleLanguage-Extension.xml, org-netbeans-modules-debugger-jpda-truffle-mime-LanguageResolvers-R-Extension.xml, org-netbeans-modules-debugger-jpda-truffle-mime-LanguageResolvers-Ruby-Extension.xml, org-netbeans-modules-debugger-jpda-truffle-mime-LanguageResolvers-Python-Extension.xml, org-netbeans-modules-defaults-mime-wav.xml]
INFO [org.netbeans.core.startup.NbEvents]: Turning on modules:
	org.openide.util.lookup [8.38 netbeans-release-428-on-20190716]
	org.openide.util [9.12 netbeans-release-428-on-20190716]
	org.openide.util.ui [9.13 netbeans-release-428-on-20190716]
	org.openide.modules [7.53 netbeans-release-428-on-20190716]
	org.netbeans.api.annotations.common/1 [1.32 netbeans-release-428-on-20190716]
	org.openide.filesystems [9.15 netbeans-release-428-on-20190716]
	org.openide.awt [7.73 netbeans-release-428-on-20190716]
	org.netbeans.api.progress/1 [1.52 netbeans-release-428-on-20190716]
	org.netbeans.api.progress.nb [1.52 netbeans-release-428-on-20190716]
	org.openide.dialogs [7.47 netbeans-release-428-on-20190716]
	org.openide.nodes [7.50 netbeans-release-428-on-20190716]
	org.openide.windows [6.82 netbeans-release-428-on-20190716]
	org.netbeans.modules.editor.mimelookup/1 [1.45 netbeans-release-428-on-20190716]
	org.openide.text [6.72 netbeans-release-428-on-20190716]
	org.netbeans.api.scripting [1.2 netbeans-release-428-on-20190716]
	org.netbeans.swing.tabcontrol [1.61 netbeans-release-428-on-20190716]
	org.netbeans.swing.outline [1.39 netbeans-release-428-on-20190716]
	org.openide.explorer [6.67 netbeans-release-428-on-20190716]
	org.openide.actions [6.44 netbeans-release-428-on-20190716]
	org.netbeans.modules.queries/1 [1.48 netbeans-release-428-on-20190716]
	org.netbeans.api.templates [1.13 netbeans-release-428-on-20190716]
	org.openide.filesystems.nb [9.15 netbeans-release-428-on-20190716]
	org.openide.loaders [7.72 netbeans-release-428-on-20190716]
	org.netbeans.api.intent [1.7 netbeans-release-428-on-20190716]
	org.netbeans.api.io [1.8 netbeans-release-428-on-20190716]
	org.openide.io [1.54 netbeans-release-428-on-20190716]
	org.openide.filesystems.compat8 [9.14 netbeans-release-428-on-20190716]
	org.openide.execution [9.8 netbeans-release-428-on-20190716]
	org.openide.execution.compat8 [9.7 netbeans-release-428-on-20190716]
	org.netbeans.upgrader [4.40 netbeans-release-428-on-20190716]
	org.netbeans.swing.plaf [1.46 netbeans-release-428-on-20190716]
	org.netbeans.modules.projectapi/1 [1.72 netbeans-release-428-on-20190716]
	org.netbeans.swing.dirchooser [1.34 netbeans-release-428-on-20190716]
	org.netbeans.spi.viewmodel/2 [1.56 netbeans-release-428-on-20190716]
	org.netbeans.spi.tasklist/1 [1.40.0.1 1 netbeans-release-428-on-20190716]
	org.netbeans.spi.quicksearch [1.32 netbeans-release-428-on-20190716]
	org.netbeans.spi.palette/1 [1.51 netbeans-release-428-on-20190716]
	org.netbeans.spi.navigator/1 [1.43 netbeans-release-428-on-20190716]
	org.netbeans.modules.editor.settings/1 [1.62 netbeans-release-428-on-20190716]
	org.netbeans.modules.editor.util/1 [1.70 netbeans-release-428-on-20190716]
	org.netbeans.modules.editor.document [1.14.0.3 3 netbeans-release-428-on-20190716]
	org.netbeans.modules.lexer/2 [1.68.0.1 1 netbeans-release-428-on-20190716]
	org.netbeans.modules.editor.lib2/1 [2.24.0.55.3 55 netbeans-release-428-on-20190716]
	org.netbeans.modules.editor.settings.lib [1.56.0.1 1 netbeans-release-428-on-20190716]
	org.netbeans.modules.editor.fold/1 [1.50 netbeans-release-428-on-20190716]
	org.netbeans.modules.editor.indent/2 [1.48 netbeans-release-428-on-20190716]
	org.netbeans.modules.editor.guards/1 [1.38 netbeans-release-428-on-20190716]
	org.netbeans.modules.editor.lib/3 [4.12.0.23.3.55 23 netbeans-release-428-on-20190716]
	org.netbeans.spi.editor.hints/0 [1.47.0.7.55 7 netbeans-release-428-on-20190716]
	org.netbeans.modules.keyring [1.29 netbeans-release-428-on-20190716]
	org.netbeans.libs.asm [5.8 netbeans-release-428-on-20190716]
	org.netbeans.bootstrap/1 [2.83 netbeans-release-428-on-20190716]
	org.netbeans.core.startup.base [1.67.0.1 1 netbeans-release-428-on-20190716]
	org.netbeans.core.startup/1 [1.67.0.1 netbeans-release-428-on-20190716]
	org.netbeans.modules.sampler [1.19 netbeans-release-428-on-20190716]
	org.netbeans.core/2 [3.56 netbeans-release-428-on-20190716]
	org.netbeans.modules.options.api/1 [1.50 netbeans-release-428-on-20190716]
	org.netbeans.modules.projectuiapi.base/1 [1.90.0.9 9 netbeans-release-428-on-20190716]
	org.netbeans.modules.projectuiapi/1 [1.93.0.8 8 netbeans-release-428-on-20190716]
	org.netbeans.modules.editor.tools.storage [1.13 netbeans-release-428-on-20190716]
	org.netbeans.modules.options.keymap [1.42 netbeans-release-428-on-20190716]
	org.netbeans.modules.editor.settings.storage/1 [1.56.0.1 netbeans-release-428-on-20190716]
	org.netbeans.modules.editor.fold.nbui [1.17.0.55 netbeans-release-428-on-20190716]
	org.netbeans.modules.editor/3 [1.92.0.6.3.23.55 6 netbeans-release-428-on-20190716]
	org.netbeans.modules.options.editor/1 [1.65 netbeans-release-428-on-20190716]
	org.netbeans.spi.editor.hints.projects [1.16.0.1.7 1 netbeans-release-428-on-20190716]
	org.netbeans.api.debugger/1 [1.60 netbeans-release-428-on-20190716]
	org.netbeans.spi.debugger.ui/1 [2.59 netbeans-release-428-on-20190716]
	org.netbeans.core.multiview/1 [1.49 netbeans-release-428-on-20190716]
	org.netbeans.api.xml/1 [1.49 netbeans-release-428-on-20190716]
	org.netbeans.modules.xml.core/2 [1.48.0.4 4 netbeans-release-428-on-20190716]
	org.netbeans.modules.xml.xam/1 [1.37.0.1 1 netbeans-release-428-on-20190716]
	org.netbeans.api.xml.ui/1 [1.49 netbeans-release-428-on-20190716]
	org.apache.xml.resolver [1.36.0.12 12 netbeans-release-428-on-20190716]
	org.netbeans.modules.xml.retriever/1 [1.36 netbeans-release-428-on-20190716]
	org.netbeans.modules.xml.schema.model/1 [1.37.0.1 1 netbeans-release-428-on-20190716]
	org.netbeans.modules.xml.axi [1.38 netbeans-release-428-on-20190716]
	org.netbeans.modules.editor.indent.support [1.47 netbeans-release-428-on-20190716]
	org.netbeans.api.java.classpath/1 [1.59 netbeans-release-428-on-20190716]
	org.netbeans.libs.lucene/3 [3.24 netbeans-release-428-on-20190716]
	org.netbeans.modules.masterfs/2 [2.60.0.2 2 netbeans-release-428-on-20190716]
	org.netbeans.modules.parsing.lucene/2 [2.40.0.1 1 netbeans-release-428-on-20190716]
	org.netbeans.modules.parsing.api/1 [9.12.0.8 8 netbeans-release-428-on-20190716]
	org.netbeans.modules.editor.breadcrumbs/0 [1.22 netbeans-release-428-on-20190716]
	org.netbeans.modules.editor.bracesmatching/0 [1.44.0.55 netbeans-release-428-on-20190716]
	org.netbeans.modules.editor.deprecated.pre65formatting/0 [1.36.0.1.6.23.55 1 netbeans-release-428-on-20190716]
	org.netbeans.modules.editor.errorstripe.api/1 [2.37.0.1 1 netbeans-release-428-on-20190716]
	org.netbeans.modules.editor.errorstripe/2 [2.39.0.1.1 1 netbeans-release-428-on-20190716]
	org.netbeans.modules.editor.completion/1 [1.49.0.2 2 netbeans-release-428-on-20190716]
	org.netbeans.modules.editor.codetemplates/1 [1.48.0.1 1 netbeans-release-428-on-20190716]
	org.netbeans.modules.editor.actions/1 [1.36.0.55 netbeans-release-428-on-20190716]
	org.netbeans.modules.project.indexingbridge [1.22 netbeans-release-428-on-20190716]
	org.netbeans.modules.parsing.indexing [9.13.0.1.3.8 1 netbeans-release-428-on-20190716]
	org.netbeans.modules.diff/1 [1.56.0.42.1 42 netbeans-release-428-on-20190716]
	org.netbeans.modules.refactoring.api [1.52.0.1 1 netbeans-release-428-on-20190716]
	org.netbeans.modules.csl.types/1 [1.5 netbeans-release-428-on-20190716]
	org.netbeans.core.ui/1 [1.50 netbeans-release-428-on-20190716]
	org.netbeans.api.search [1.26 netbeans-release-428-on-20190716]
	org.netbeans.modules.jumpto/1 [1.59.0.1 1 netbeans-release-428-on-20190716]
	org.netbeans.modules.csl.api/2 [2.59.0.2.1.1.8.1 2 netbeans-release-428-on-20190716]
	org.netbeans.modules.editor.structure/1 [1.52.0.1 1 netbeans-release-428-on-20190716]
	org.netbeans.modules.xml.lexer [1.35 netbeans-release-428-on-20190716]
	org.netbeans.modules.xml.text/2 [1.64.0.1 1 netbeans-release-428-on-20190716]
	org.netbeans.modules.xml [1.38 netbeans-release-428-on-20190716]
	org.netbeans.modules.servletapi/1 [1.44 netbeans-release-428-on-20190716]
	org.netbeans.modules.httpserver/2 [2.41.0.42 42 netbeans-release-428-on-20190716]
	org.netbeans.modules.xsl/1 [1.49 netbeans-release-428-on-20190716]
	org.netbeans.modules.xml.xdm/1 [1.39.0.1 1 netbeans-release-428-on-20190716]
	org.netbeans.libs.xerces/1 [1.43.0.281 281 netbeans-release-428-on-20190716]
	org.netbeans.modules.xml.tax/2 [1.49.0.281 netbeans-release-428-on-20190716]
	org.netbeans.modules.xml.tools/2 [1.48 netbeans-release-428-on-20190716]
	org.netbeans.modules.xml.schema.completion [1.36 netbeans-release-428-on-20190716]
	org.netbeans.modules.xml.catalog/2 [3.9.0.4 4 netbeans-release-428-on-20190716]
	org.netbeans.modules.xml.catalog.ui [2.8.0.4 netbeans-release-428-on-20190716]
	org.netbeans.core.execution/1 [1.46 netbeans-release-428-on-20190716]
	org.netbeans.modules.sendopts/2 [2.41 netbeans-release-428-on-20190716]
	org.netbeans.modules.favorites/1 [1.51 netbeans-release-428-on-20190716]
	org.netbeans.modules.projectui [1.63.0.8.9 netbeans-release-428-on-20190716]
	org.netbeans.modules.welcome/1 [1.47 netbeans-release-428-on-20190716]
	org.netbeans.libs.json_simple/1 [0.17 netbeans-release-428-on-20190716]
	org.netbeans.modules.web.webkit.debugging [1.58 netbeans-release-428-on-20190716]
	org.netbeans.modules.web.common [1.103 netbeans-release-428-on-20190716]
	org.netbeans.modules.web.indent [1.25 netbeans-release-428-on-20190716]
	org.netbeans.modules.extexecution.base/2 [1.9 netbeans-release-428-on-20190716]
	org.netbeans.modules.extexecution/2 [1.53 netbeans-release-428-on-20190716]
	org.netbeans.modules.web.common.ui [1.6 netbeans-release-428-on-20190716]
	org.netbeans.modules.gsf.testrunner/2 [2.14 netbeans-release-428-on-20190716]
	org.netbeans.modules.gsf.testrunner.ui [1.15 netbeans-release-428-on-20190716]
	org.netbeans.modules.gototest/1 [1.38 netbeans-release-428-on-20190716]
	org.netbeans.modules.project.libraries/1 [1.58 netbeans-release-428-on-20190716]
	org.netbeans.modules.project.libraries.ui/1 [1.57 netbeans-release-428-on-20190716]
	org.netbeans.libs.antlr3.runtime [1.26.0.1 1 netbeans-release-428-on-20190716]
	org.netbeans.modules.css.lib/1 [1.88 netbeans-release-428-on-20190716]
	org.netbeans.modules.html.lexer/1 [1.43 netbeans-release-428-on-20190716]
	org.netbeans.modules.html.editor.lib/3 [3.37 netbeans-release-428-on-20190716]
	org.netbeans.modules.css.model [1.36 netbeans-release-428-on-20190716]
	org.netbeans.modules.css.editor/1 [1.73 netbeans-release-428-on-20190716]
	org.netbeans.modules.extbrowser/1 [1.58 netbeans-release-428-on-20190716]
	org.netbeans.modules.settings/1 [1.54 netbeans-release-428-on-20190716]
	org.netbeans.core.windows/2 [2.88 netbeans-release-428-on-20190716]
	org.netbeans.modules.web.browser.api [1.50 netbeans-release-428-on-20190716]
	org.netbeans.modules.html/1 [1.66 netbeans-release-428-on-20190716]
	org.netbeans.modules.html.editor/2 [2.60 netbeans-release-428-on-20190716]
	org.netbeans.modules.gsf.codecoverage [1.37 netbeans-release-428-on-20190716]
	org.netbeans.modules.project.spi.intern [1.8 netbeans-release-428-on-20190716]
	org.netbeans.modules.project.ant/1 [1.72 netbeans-release-428-on-20190716]
	org.netbeans.modules.web.clientproject.api [1.108 netbeans-release-428-on-20190716]
	org.netbeans.modules.versioning.core/1 [1.36.0.1.42 1 netbeans-release-428-on-20190716]
	org.netbeans.modules.versioning/1 [1.52.0.1 1 netbeans-release-428-on-20190716]
	org.netbeans.modules.spellchecker.apimodule [1.30 netbeans-release-428-on-20190716]
	org.netbeans.modules.versioning.util [1.75.0.42.1 netbeans-release-428-on-20190716]
	org.netbeans.modules.team.commons [1.55 netbeans-release-428-on-20190716]
	org.netbeans.modules.versioning.ui/1 [1.27.0.42.1 netbeans-release-428-on-20190716]
	org.netbeans.modules.autoupdate.services [1.58 netbeans-release-428-on-20190716]
	org.netbeans.modules.autoupdate.ui [1.50 netbeans-release-428-on-20190716]
	org.netbeans.modules.versioning.system.cvss.installer [1.21 netbeans-release-428-on-20190716]
	org.netbeans.modules.masterfs.ui [2.8.0.2 netbeans-release-428-on-20190716]
	org.netbeans.modules.versioning.masterfs [1.19 netbeans-release-428-on-20190716]
	org.netbeans.modules.versioning.indexingbridge/0 [1.30 netbeans-release-428-on-20190716]
	org.netbeans.modules.utilities/1 [1.66 netbeans-release-428-on-20190716]
	org.netbeans.modules.utilities.project/1 [1.43 netbeans-release-428-on-20190716]
	org.netbeans.modules.javahelp/1 [2.46 netbeans-release-428-on-20190716]
	org.netbeans.modules.usersguide/1 [1.53 netbeans-release-428-on-20190716]
	org.netbeans.modules.updatecenters/1 [1.45 netbeans-release-428-on-20190716]
	org.netbeans.lib.uihandler [1.50 netbeans-release-428-on-20190716]
	org.netbeans.modules.uihandler [2.40 netbeans-release-428-on-20190716]
	org.netbeans.modules.uihandler.exceptionreporter [1.34 netbeans-release-428-on-20190716]
	org.netbeans.modules.terminal [1.32 netbeans-release-428-on-20190716]
	org.netbeans.lib.terminalemulator [1.42 netbeans-release-428-on-20190716]
	org.netbeans.modules.terminal.nb [1.5 netbeans-release-428-on-20190716]
	org.netbeans.modules.templates/1 [1.12 netbeans-release-428-on-20190716]
	org.netbeans.modules.team.ide [1.18 netbeans-release-428-on-20190716]
	org.netbeans.modules.tasklist.ui/1 [1.36.0.1.1 1 netbeans-release-428-on-20190716]
	org.netbeans.modules.tasklist.todo/1 [1.36.0.1 1 netbeans-release-428-on-20190716]
	org.netbeans.modules.tasklist.projectint/1 [1.34 netbeans-release-428-on-20190716]
	org.netbeans.modules.tasklist.kit [1.33 netbeans-release-428-on-20190716]
	org.netbeans.libs.ini4j/1 [1.39 netbeans-release-428-on-20190716]
	org.netbeans.libs.svnClientAdapter/1 [1.45 netbeans-release-428-on-20190716]
	org.netbeans.modules.subversion [1.46.0.42.1 netbeans-release-428-on-20190716]
	org.netbeans.modules.editor.plain.lib/1 [1.38 netbeans-release-428-on-20190716]
	org.netbeans.modules.spellchecker [1.40.0.1.7 1 netbeans-release-428-on-20190716]
	org.netbeans.modules.spellchecker.kit [1.30 netbeans-release-428-on-20190716]
	org.netbeans.modules.spellchecker.dictionary_en [1.27 netbeans-release-428-on-20190716]
	org.netbeans.modules.properties/1 [1.60 netbeans-release-428-on-20190716]
	org.netbeans.modules.properties.syntax/1 [1.55 netbeans-release-428-on-20190716]
	org.netbeans.modules.spellchecker.bindings.properties [1.27 netbeans-release-428-on-20190716]
	org.netbeans.modules.spellchecker.bindings.htmlxml [1.32 netbeans-release-428-on-20190716]
	org.netbeans.core.ide/1 [1.46 netbeans-release-428-on-20190716]
	org.netbeans.modules.server/0 [1.38 netbeans-release-428-on-20190716]
	org.netbeans.modules.selenium2.server [1.8 netbeans-release-428-on-20190716]
	org.netbeans.modules.selenium2 [1.10 netbeans-release-428-on-20190716]
	org.netbeans.modules.selenium2.webclient [1.12 netbeans-release-428-on-20190716]
	org.netbeans.modules.projectapi.nb [1.8 netbeans-release-428-on-20190716]
	org.netbeans.modules.project.spi.intern.impl [1.8 netbeans-release-428-on-20190716]
	org.netbeans.modules.project.ant.compat8/1 [1.72 netbeans-release-428-on-20190716]
	org.netbeans.modules.progress.ui [1.38 netbeans-release-428-on-20190716]
	org.netbeans.modules.print.editor [7.31 netbeans-release-428-on-20190716]
	org.netbeans.modules.print [7.31 netbeans-release-428-on-20190716]
	org.netbeans.modules.parsing.ui [1.19.0.1 netbeans-release-428-on-20190716]
	org.netbeans.modules.parsing.nb [1.8.0.8.1 netbeans-release-428-on-20190716]
	org.netbeans.modules.notifications [1.13 netbeans-release-428-on-20190716]
	org.netbeans.libs.osgi [1.27 netbeans-release-428-on-20190716]
	org.netbeans.core.netigso [1.36 netbeans-release-428-on-20190716]
	org.netbeans.modules.netbinox [1.46 netbeans-release-428-on-20190716]
	org.eclipse.mylyn.commons.net [3.17.0 3.17.0.v20150706-2057]
	org.eclipse.mylyn.tasks.core [3.17.0 3.17.0.v20150828-2026]
	org.eclipse.core.jobs [3.5.100 3.5.100.v20110404]
	org.eclipse.mylyn.wikitext.core [2.6.0 2.6.0.v20150901-2143]
	org.netbeans.modules.bugtracking [1.114 netbeans-release-428-on-20190716]
	org.eclipse.equinox.common [3.6.0 3.6.0.v20110523]
	org.eclipse.core.runtime [3.7.0 3.7.0.v20110110]
	org.netbeans.modules.mylyn.util [1.41 netbeans-release-428-on-20190716]
	org.netbeans.modules.mercurial [1.47.0.42.1 netbeans-release-428-on-20190716]
	org.netbeans.libs.jna/1 [1.52 netbeans-release-428-on-20190716]
	org.netbeans.modules.masterfs.windows [1.21 netbeans-release-428-on-20190716]
	org.netbeans.modules.masterfs.nio2 [1.20 netbeans-release-428-on-20190716]
	com.google.gson [2.7.0 2.7.0]
	com.google.guava [15.0.0 15.0.0]
	org.netbeans.modules.lsp.client/0 [1.2 netbeans-release-428-on-20190716]
	org.netbeans.modules.bugtracking.commons [1.13 netbeans-release-428-on-20190716]
	org.netbeans.modules.localtasks [1.30 netbeans-release-428-on-20190716]
	org.netbeans.modules.localhistory [1.39 netbeans-release-428-on-20190716]
	org.netbeans.modules.lexer.nbbridge/1 [1.37.0.1 netbeans-release-428-on-20190716]
	org.netbeans.libs.bytelist/1 [0.34.0.1 1 netbeans-release-428-on-20190716]
	org.netbeans.libs.jvyamlb/1 [0.34 netbeans-release-428-on-20190716]
	org.netbeans.modules.languages.yaml [2.37 netbeans-release-428-on-20190716]
	org.netbeans.modules.languages.manifest [1.37 netbeans-release-428-on-20190716]
	org.netbeans.modules.languages.diff [1.38 netbeans-release-428-on-20190716]
	org.netbeans.modules.keyring.fallback [1.13 netbeans-release-428-on-20190716]
	org.netbeans.modules.keyring.impl [1.29 netbeans-release-428-on-20190716]
	org.netbeans.modules.javascript2.debug/1 [1.22 netbeans-release-428-on-20190716]
	org.netbeans.modules.javascript2.debug.ui/1 [1.8 netbeans-release-428-on-20190716]
	org.netbeans.lib.v8debug/1 [1.21 netbeans-release-428-on-20190716]
	org.netbeans.modules.javascript.v8debug/1 [1.15.0.1 1 netbeans-release-428-on-20190716]
	org.netbeans.modules.javascript.v8debug.ui/1 [1.4.0.1 netbeans-release-428-on-20190716]
	org.netbeans.modules.image/1 [1.53 netbeans-release-428-on-20190716]
	org.netbeans.core.multitabs/1 [1.17.0.1 1 netbeans-release-428-on-20190716]
	org.netbeans.modules.editor.bookmarks/1 [1.42 netbeans-release-428-on-20190716]
	com.jcraft.jsch [0.1.54 0.1.54]
	org.netbeans.modules.dlight.nativeexecution [1.44.0.1 1 netbeans-release-428-on-20190716]
	org.netbeans.modules.dlight.terminal [1.28.0.1 1 netbeans-release-428-on-20190716]
	org.netbeans.core.multitabs.project [1.15.0.1.1 1 netbeans-release-428-on-20190716]
	org.netbeans.modules.editor.search [1.30.0.0.55 0 netbeans-release-428-on-20190716]
	org.apache.commons.logging [1.1.1 1.1.1]
	org.netbeans.modules.html.parser/1 [1.39.0.1 1 netbeans-release-428-on-20190716]
	org.netbeans.modules.html.validation/1 [1.35 netbeans-release-428-on-20190716]
	org.netbeans.core.output2/1 [1.47 netbeans-release-428-on-20190716]
	org.netbeans.modules.css.visual/3 [3.37 netbeans-release-428-on-20190716]
	org.netbeans.modules.editor.kit [1.38 netbeans-release-428-on-20190716]
	org.netbeans.modules.autoupdate.cli [1.18 netbeans-release-428-on-20190716]
	org.netbeans.libs.felix [2.20 netbeans-release-428-on-20190716]
	org.netbeans.modules.core.kit [1.35 netbeans-release-428-on-20190716]
	org.netbeans.modules.defaults/1 [1.36 netbeans-release-428-on-20190716]
	org.netbeans.modules.editor.macros/0 [1.36.0.1.23 1 netbeans-release-428-on-20190716]
	org.netbeans.modules.editor.plain/2 [1.40 netbeans-release-428-on-20190716]
	org.netbeans.modules.ide.kit [1.38 netbeans-release-428-on-20190716]
	org.netbeans.modules.ide.ergonomics [1.32 netbeans-release-428-on-20190716]
	org.netbeans.modules.autoupdate.pluginimporter [1.25 netbeans-release-428-on-20190716]
	org.netbeans.modules.deadlock.detector [1.11 netbeans-release-428-on-20190716]
	org.netbeans.modules.ide.branding/1 [1.37 netbeans-release-428-on-20190716]
	org.netbeans.modules.ide.branding.kit [1.33 netbeans-release-428-on-20190716]
	org.netbeans.libs.commons_net/2 [2.27.0.36 36 netbeans-release-428-on-20190716]
	org.netbeans.modules.hudson [2.18 netbeans-release-428-on-20190716]
	org.netbeans.modules.hudson.ui [1.16 netbeans-release-428-on-20190716]
	org.netbeans.modules.hudson.tasklist [1.22 netbeans-release-428-on-20190716]
	org.netbeans.modules.hudson.subversion [1.34 netbeans-release-428-on-20190716]
	org.netbeans.modules.hudson.mercurial [1.34 netbeans-release-428-on-20190716]
	org.netbeans.modules.hudson.git [1.23 netbeans-release-428-on-20190716]
	org.netbeans.modules.html.custom [1.11 netbeans-release-428-on-20190716]
	org.eclipse.jgit [3.6.2 3.6.2.201501210735-r]
	org.netbeans.libs.jna.platform/1 [1.20 netbeans-release-428-on-20190716]
	org.netbeans.libs.jsch.agentproxy/1 [0.19 netbeans-release-428-on-20190716]
	org.netbeans.libs.git/1 [1.38 netbeans-release-428-on-20190716]
	org.netbeans.modules.git [1.27.0.1 netbeans-release-428-on-20190716]
	org.apache.commons.io [1.4 1.4]
	org.netbeans.modules.extexecution.process [1.32 netbeans-release-428-on-20190716]
	org.netbeans.modules.extexecution.impl [1.30 netbeans-release-428-on-20190716]
	org.netbeans.modules.editor.mimelookup.impl/1 [1.37 netbeans-release-428-on-20190716]
	org.netbeans.modules.editor.indent.project/0 [1.27 netbeans-release-428-on-20190716]
	org.netbeans.modules.editor.global.format/1 [1.20.0.1 1 netbeans-release-428-on-20190716]
	org.netbeans.libs.commons_compress/0 [0.11.0.181 181 netbeans-release-428-on-20190716]
	libs.c.kohlschutter.junixsocket/1 [2.20 netbeans-release-428-on-20190716]
	org.netbeans.modules.docker.api/0 [1.25 netbeans-release-428-on-20190716]
	org.netbeans.modules.docker.ui/0 [1.5 netbeans-release-428-on-20190716]
	org.netbeans.modules.docker.editor/0 [1.5 netbeans-release-428-on-20190716]
	org.netbeans.modules.dlight.nativeexecution.nb [1.5 netbeans-release-428-on-20190716]
	org.netbeans.modules.db.metadata.model/1 [1.16 netbeans-release-428-on-20190716]
	org.netbeans.modules.db/1 [1.71.0.30 30 netbeans-release-428-on-20190716]
	org.netbeans.modules.dbapi [1.39.0.30 netbeans-release-428-on-20190716]
	org.netbeans.modules.derby [1.45 netbeans-release-428-on-20190716]
	org.netbeans.api.visual [2.53 netbeans-release-428-on-20190716]
	org.netbeans.modules.db.sql.visualeditor/1 [2.36.0.30 netbeans-release-428-on-20190716]
	org.netbeans.modules.db.dataview [1.38 netbeans-release-428-on-20190716]
	org.netbeans.modules.db.core [1.42 netbeans-release-428-on-20190716]
	org.netbeans.modules.db.sql.editor [1.41.0.30 netbeans-release-428-on-20190716]
	org.netbeans.modules.db.mysql [0.33.0.2 2 netbeans-release-428-on-20190716]
	org.netbeans.modules.db.drivers [1.35 netbeans-release-428-on-20190716]
	org.netbeans.modules.db.kit [1.35 netbeans-release-428-on-20190716]
	org.netbeans.modules.css.prep [1.35 netbeans-release-428-on-20190716]
	org.eclipse.mylyn.bugzilla.core [3.17.0 3.17.0.v20150828-2026]
	org.apache.commons.httpclient [3.1.0 3.1.0]
	org.netbeans.modules.bugzilla [1.82 netbeans-release-428-on-20190716]
	org.netbeans.modules.bugzilla.exceptionreporter [1.29 netbeans-release-428-on-20190716]
	org.netbeans.modules.bugtracking.bridge [1.50 netbeans-release-428-on-20190716]
	org.netbeans.libs.graalsdk [1.1 netbeans-release-428-on-20190716]
	org.netbeans.libs.truffleapi [1.2 netbeans-release-428-on-20190716]
	org.netbeans.libs.svnClientAdapter.javahl/1 [1.29 netbeans-release-428-on-20190716]
	org.netbeans.libs.javafx [2.12 netbeans-release-428-on-20190716]
	org.netbeans.libs.graaljs/1 [1.1 netbeans-release-428-on-20190716]
	org.netbeans.libs.freemarker/1 [2.39.0.238 238 netbeans-release-428-on-20190716]
	org.netbeans.core.network [1.17 netbeans-release-428-on-20190716]
	org.netbeans.core.nativeaccess/1 [1.36 netbeans-release-428-on-20190716]
	org.netbeans.core.io.ui/1 [1.35 netbeans-release-428-on-20190716]
	org.netbeans.core.browser/1 [1.33.0.1 1 netbeans-release-428-on-20190716]
	org.netbeans.core.browser.webview/1 [1.20.0.1.1 1 netbeans-release-428-on-20190716]
	org.netbeans.api.progress.compat8 [1.52 netbeans-release-428-on-20190716]
	org.eclipse.mylyn.commons.xmlrpc [3.17.0 3.17.0.v20150625-2042]
	org.eclipse.mylyn.commons.repositories.core [1.9.0 1.9.0.v20150625-2042]
	org.eclipse.mylyn.commons.core [3.17.0 3.17.0.v20150625-2042]
	org.eclipse.equinox.security [1.1.1 1.1.1.R37x_v20110822-1018]
	org.eclipse.equinox.registry [3.5.200 3.5.200.v20120522-1841]
	org.eclipse.equinox.preferences [3.4.2 3.4.2.v20120111-2020]
	org.eclipse.equinox.app [1.3.100 1.3.100.v20110321]
	org.eclipse.core.runtime.compatibility.auth [3.2.200 3.2.200.v20110110]
	org.eclipse.core.net [1.2.100 1.2.100.I20110511-0800]
	org.eclipse.core.contenttype [3.4.100 3.4.100.v20110423-0524]
	org.apache.xmlrpc [3.0.0 3.0.0]
	org.apache.ws.commons.util [1.0.1 1.0.1]
	org.apache.commons.lang [2.6 2.6]
	org.apache.commons.codec [1.3.0 1.3.0]
	com.jcraft.jzlib [1.0.7 1.0.7]
	com.googlecode.javaewah.JavaEWAH [0.7.9 0.7.9]
INFO [org.netbeans.core.netigso.Netigso]: bundle net.java.html.json@1.6.1 resolved
INFO [org.netbeans.core.netigso.Netigso]: bundle net.java.html.boot.fx@1.6.1 resolved
INFO [org.netbeans.core.netigso.Netigso]: bundle net.java.html.boot@1.6.1 resolved
INFO [org.netbeans.core.netigso.Netigso]: bundle org.netbeans.html.ko4j@1.6.1 resolved
INFO [org.netbeans.core.netigso.Netigso]: bundle net.java.html@1.6.1 resolved
INFO [org.netbeans.core.netigso.Netigso]: bundle net.java.html.geo@1.6.1 resolved
INFO [org.netbeans.core.netigso.Netigso]: bundle net.java.html.boot.script@1.6.1 resolved
INFO [org.netbeans.core.netigso.Netigso]: bundle org.netbeans.html.xhr4j@1.6.1 resolved
INFO [org.netbeans.core.netigso.Netigso]: bundle net.java.html.sound@1.6.1 resolved
INFO [org.netbeans.core.netigso.Netigso]: bundle org.eclipse.mylyn.wikitext.markdown.core@2.6.0.v20150901-2143 resolved
INFO [org.netbeans.core.netigso.Netigso]: bundle org.eclipse.mylyn.wikitext.textile.core@2.6.0.v20150901-2143 resolved
INFO [org.netbeans.core.netigso.Netigso]: bundle org.eclipse.jgit.java7@3.6.2.201501210735-r resolved
INFO [org.netbeans.core.netigso.Netigso]: bundle org.eclipse.mylyn.wikitext.confluence.core@2.6.0.v20150901-2143 resolved
INFO [org.netbeans.core.netigso.Netigso]: bundle org.eclipse.osgi@3.9.1.v20140110-1610 started
INFO [org.netbeans.core.network.proxy.NetworkProxyReloader]: System network proxy resolver: Windows
INFO [org.netbeans.core.network.proxy.windows.WindowsNetworkProxy]: Windows system proxy resolver: auto detect
INFO [org.netbeans.core.network.proxy.NetworkProxyReloader]: System network proxy reloading succeeded.
INFO [org.netbeans.core.network.proxy.NetworkProxyReloader]: System network proxy - mode: direct
INFO [org.netbeans.core.network.proxy.NetworkProxyReloader]: System network proxy: fell to default (correct if direct mode went before)
INFO [org.openide.awt.Toolbar]: Too long AWTTask: 648 ms for org.openide.awt.MenuBar$MenuBarFolder@3f9192ee(FolderList{MultiFileObject@223d9a87[Menu]})
Diagnostic information
Input arguments:
	-Dnetbeans.importclass=org.netbeans.upgrade.AutoUpgrade
	-XX:+UseStringDeduplication
	-Xss2m
	-Djdk.gtk.version=2.2
	-Dapple.laf.useScreenMenuBar=true
	-Dapple.awt.graphics.UseQuartz=true
	-Dsun.java2d.noddraw=true
	-Dsun.java2d.dpiaware=true
	-Dsun.zip.disableMemoryMapping=true
	-Dplugin.manager.check.updates=false
	-Dnetbeans.extbrowser.manual_chrome_plugin_install=yes
	--add-opens=java.base/java.net=ALL-UNNAMED
	--add-opens=java.base/java.lang.ref=ALL-UNNAMED
	--add-opens=java.base/java.lang=ALL-UNNAMED
	--add-opens=java.base/java.security=ALL-UNNAMED
	--add-opens=java.base/java.util=ALL-UNNAMED
	--add-opens=java.desktop/javax.swing.plaf.basic=ALL-UNNAMED
	--add-opens=java.desktop/javax.swing.text=ALL-UNNAMED
	--add-opens=java.desktop/javax.swing=ALL-UNNAMED
	--add-opens=java.desktop/java.awt=ALL-UNNAMED
	--add-opens=java.desktop/java.awt.event=ALL-UNNAMED
	--add-opens=java.prefs/java.util.prefs=ALL-UNNAMED
	--add-opens=jdk.jshell/jdk.jshell=ALL-UNNAMED
	--add-modules=jdk.jshell
	--add-exports=java.desktop/sun.awt=ALL-UNNAMED
	--add-exports=java.desktop/java.awt.peer=ALL-UNNAMED
	--add-exports=java.desktop/com.sun.beans.editors=ALL-UNNAMED
	--add-exports=java.desktop/sun.swing=ALL-UNNAMED
	--add-exports=java.desktop/sun.awt.im=ALL-UNNAMED
	--add-exports=jdk.internal.jvmstat/sun.jvmstat.monitor=ALL-UNNAMED
	--add-exports=java.management/sun.management=ALL-UNNAMED
	--add-exports=java.base/sun.reflect.annotation=ALL-UNNAMED
	--add-exports=jdk.javadoc/com.sun.tools.javadoc.main=ALL-UNNAMED
	-XX:+IgnoreUnrecognizedVMOptions
	-Djdk.lang.Process.allowAmbiguousCommands=true
	-Djdk.home=C:\Program Files\Java\jdk1.8.0_231
	-Dnetbeans.home=C:\Program Files\NetBeans-11.1\netbeans\platform
	-Dnetbeans.user=D:\Tek\Exercises
	-Dnetbeans.default_userdir_root=C:\Users\ThinkPad\AppData\Roaming\NetBeans
	-XX:+HeapDumpOnOutOfMemoryError
	-XX:HeapDumpPath=D:\Tek\Exercises\var\log\heapdump.hprof
	-Dsun.awt.keepWorkingSetOnMinimize=true
	-Dnetbeans.dirs=C:\Program Files\NetBeans-11.1\netbeans\nb;C:\Program Files\NetBeans-11.1\netbeans\ergonomics;C:\Program Files\NetBeans-11.1\netbeans\ide;C:\Program Files\NetBeans-11.1\netbeans\extide;C:\Program Files\NetBeans-11.1\netbeans\java;C:\Program Files\NetBeans-11.1\netbeans\apisupport;C:\Program Files\NetBeans-11.1\netbeans\webcommon;C:\Program Files\NetBeans-11.1\netbeans\websvccommon;C:\Program Files\NetBeans-11.1\netbeans\enterprise;C:\Program Files\NetBeans-11.1\netbeans\mobility;C:\Program Files\NetBeans-11.1\netbeans\profiler;C:\Program Files\NetBeans-11.1\netbeans\python;C:\Program Files\NetBeans-11.1\netbeans\php;C:\Program Files\NetBeans-11.1\netbeans\identity;C:\Program Files\NetBeans-11.1\netbeans\harness;C:\Program Files\NetBeans-11.1\netbeans\cnd;C:\Program Files\NetBeans-11.1\netbeans\cndext;C:\Program Files\NetBeans-11.1\netbeans\dlight;C:\Program Files\NetBeans-11.1\netbeans\groovy;C:\Program Files\NetBeans-11.1\netbeans\extra;C:\Program Files\NetBeans-11.1\netbeans\javacard;C:\Program Files\NetBeans-11.1\netbeans\javafx
	exit
Compiler: HotSpot 64-Bit Tiered Compilers
Heap memory usage: initial 190.0MB maximum 2695.5MB
Non heap memory usage: initial 2.4MB maximum -1b
Garbage collector: PS Scavenge (Collections=16 Total time spent=0s)
Garbage collector: PS MarkSweep (Collections=2 Total time spent=0s)
Classes: loaded=7066 total loaded=7066 unloaded 0
INFO [org.netbeans.core.ui.warmup.DiagnosticTask]: Total memory 12,711,641,088
WARNING [org.netbeans.modules.project.ui.ProjectsRootNode]: Warning - project Ex11.1 failed to supply itself in the lookup of the root node of its own logical view
INFO [org.netbeans.modules.masterfs.watcher.windows.WindowsNotifier]: Adding listener for drive D:/
INFO [org.netbeans.modules.autoupdate.updateprovider.DownloadListener]: Reading URL https://netbeans.apache.org/nb/updates/11.1/updates.xml.gz?unique=NB051f06771-70e2-4875-bc30-544915b1a198_e4d175b4-c143-4f75-b933-29faab5d605a failed (java.io.IOException: Timeout while opening connection to https://netbeans.apache.org/nb/updates/11.1/updates.xml.gz?unique=NB051f06771-70e2-4875-bc30-544915b1a198_e4d175b4-c143-4f75-b933-29faab5d605a)
INFO [org.netbeans.modules.autoupdate.ui.actions.AutoupdateCheckScheduler]
java.util.concurrent.TimeoutException
	at java.util.concurrent.FutureTask.get(FutureTask.java:205)
	at org.netbeans.modules.autoupdate.updateprovider.NetworkAccess$Task$1.run(NetworkAccess.java:99)
Caused: java.io.IOException: Timeout while opening connection to https://netbeans.apache.org/nb/updates/11.1/updates.xml.gz?unique=NB051f06771-70e2-4875-bc30-544915b1a198_e4d175b4-c143-4f75-b933-29faab5d605a
	at org.netbeans.modules.autoupdate.updateprovider.NetworkAccess$Task$1.run(NetworkAccess.java:119)
Caused: java.io.IOException: Timeout while opening connection to https://netbeans.apache.org/nb/updates/11.1/updates.xml.gz?unique=NB051f06771-70e2-4875-bc30-544915b1a198_e4d175b4-c143-4f75-b933-29faab5d605a
	at org.netbeans.modules.autoupdate.updateprovider.DownloadListener.notifyException(DownloadListener.java:78)
	at org.netbeans.modules.autoupdate.updateprovider.AutoupdateCatalogCache.copy(AutoupdateCatalogCache.java:221)
	at org.netbeans.modules.autoupdate.updateprovider.AutoupdateCatalogCache.writeCatalogToCache(AutoupdateCatalogCache.java:74)
	at org.netbeans.modules.autoupdate.updateprovider.AutoupdateCatalogProvider.refresh(AutoupdateCatalogProvider.java:129)
	at org.netbeans.modules.autoupdate.services.UpdateUnitProviderImpl.refresh(UpdateUnitProviderImpl.java:155)
	at org.netbeans.api.autoupdate.UpdateUnitProvider.refresh(UpdateUnitProvider.java:171)
[catch] at org.netbeans.modules.autoupdate.ui.actions.AutoupdateCheckScheduler$4.run(AutoupdateCheckScheduler.java:130)
	at org.openide.util.RequestProcessor$Task.run(RequestProcessor.java:1418)
	at org.netbeans.modules.openide.util.GlobalLookup.execute(GlobalLookup.java:45)
	at org.openide.util.lookup.Lookups.executeWith(Lookups.java:278)
	at org.openide.util.RequestProcessor$Processor.run(RequestProcessor.java:2033)
INFO [org.netbeans.updater]: 780: Unpacking org-netbeans-modules-nbjavac-impl.nbm
INFO [org.netbeans.updater]: File installed D:\Tek\Exercises\config\Modules\org-netbeans-modules-nbjavac-impl.xml@0
INFO [org.netbeans.updater]: Copied file D:\Tek\Exercises\update\download\org-netbeans-modules-nbjavac-impl.nbm:netbeans/config/Modules/org-netbeans-modules-nbjavac-impl.xml to D:\Tek\Exercises\config\Modules\org-netbeans-modules-nbjavac-impl.xml
INFO [org.netbeans.updater]: File installed D:\Tek\Exercises\modules\ext\nb-javac-impl.jar.pack.gz@0
INFO [org.netbeans.updater]: Copied file D:\Tek\Exercises\update\download\org-netbeans-modules-nbjavac-impl.nbm:netbeans/modules/ext/nb-javac-impl.jar.pack.gz to D:\Tek\Exercises\modules\ext\nb-javac-impl.jar.pack.gz
INFO [org.netbeans.updater]: Unpack D:\Tek\Exercises\modules\ext\nb-javac-impl.jar.pack.gz to D:\Tek\Exercises\modules\ext\nb-javac-impl.jar
INFO [org.netbeans.updater]: File D:\Tek\Exercises\modules\ext\nb-javac-impl.jar.pack.gz deleted.
INFO [org.netbeans.updater]: File installed D:\Tek\Exercises\modules\org-netbeans-modules-nbjavac-impl.jar.pack.gz@0
INFO [org.netbeans.updater]: Copied file D:\Tek\Exercises\update\download\org-netbeans-modules-nbjavac-impl.nbm:netbeans/modules/org-netbeans-modules-nbjavac-impl.jar.pack.gz to D:\Tek\Exercises\modules\org-netbeans-modules-nbjavac-impl.jar.pack.gz
INFO [org.netbeans.updater]: Unpack D:\Tek\Exercises\modules\org-netbeans-modules-nbjavac-impl.jar.pack.gz to D:\Tek\Exercises\modules\org-netbeans-modules-nbjavac-impl.jar
INFO [org.netbeans.updater]: File D:\Tek\Exercises\modules\org-netbeans-modules-nbjavac-impl.jar.pack.gz deleted.
WARNING [org.netbeans.updater]: Error: Cannot delete D:\Tek\Exercises\update\download\org-netbeans-modules-nbjavac-impl.nbm
INFO [org.netbeans.updater]: Use XML Transformer: com.sun.org.apache.xalan.internal.xsltc.trax.TransformerImpl@733c7d2a
INFO [org.netbeans.updater]: File D:\Tek\Exercises\update_tracking\org-netbeans-modules-nbjavac-impl.xml modified.
INFO [org.netbeans.updater]: File installed D:\Tek\Exercises\update_tracking\org-netbeans-modules-nbjavac-impl.xml@0
INFO [org.netbeans.updater]: 780: Unpacking org-netbeans-modules-nbjavac-api.nbm
INFO [org.netbeans.updater]: File installed D:\Tek\Exercises\config\Modules\org-netbeans-modules-nbjavac-api.xml@0
INFO [org.netbeans.updater]: Copied file D:\Tek\Exercises\update\download\org-netbeans-modules-nbjavac-api.nbm:netbeans/config/Modules/org-netbeans-modules-nbjavac-api.xml to D:\Tek\Exercises\config\Modules\org-netbeans-modules-nbjavac-api.xml
INFO [org.netbeans.updater]: File installed D:\Tek\Exercises\modules\ext\nb-javac-api.jar.pack.gz@0
INFO [org.netbeans.updater]: Copied file D:\Tek\Exercises\update\download\org-netbeans-modules-nbjavac-api.nbm:netbeans/modules/ext/nb-javac-api.jar.pack.gz to D:\Tek\Exercises\modules\ext\nb-javac-api.jar.pack.gz
INFO [org.netbeans.updater]: Unpack D:\Tek\Exercises\modules\ext\nb-javac-api.jar.pack.gz to D:\Tek\Exercises\modules\ext\nb-javac-api.jar
INFO [org.netbeans.updater]: File D:\Tek\Exercises\modules\ext\nb-javac-api.jar.pack.gz deleted.
INFO [org.netbeans.updater]: File installed D:\Tek\Exercises\modules\org-netbeans-modules-nbjavac-api.jar.pack.gz@0
INFO [org.netbeans.updater]: Copied file D:\Tek\Exercises\update\download\org-netbeans-modules-nbjavac-api.nbm:netbeans/modules/org-netbeans-modules-nbjavac-api.jar.pack.gz to D:\Tek\Exercises\modules\org-netbeans-modules-nbjavac-api.jar.pack.gz
INFO [org.netbeans.updater]: Unpack D:\Tek\Exercises\modules\org-netbeans-modules-nbjavac-api.jar.pack.gz to D:\Tek\Exercises\modules\org-netbeans-modules-nbjavac-api.jar
INFO [org.netbeans.updater]: File D:\Tek\Exercises\modules\org-netbeans-modules-nbjavac-api.jar.pack.gz deleted.
WARNING [org.netbeans.updater]: Error: Cannot delete D:\Tek\Exercises\update\download\org-netbeans-modules-nbjavac-api.nbm
INFO [org.netbeans.updater]: Use XML Transformer: com.sun.org.apache.xalan.internal.xsltc.trax.TransformerImpl@576f3e73
INFO [org.netbeans.updater]: File D:\Tek\Exercises\update_tracking\org-netbeans-modules-nbjavac-api.xml modified.
INFO [org.netbeans.updater]: File installed D:\Tek\Exercises\update_tracking\org-netbeans-modules-nbjavac-api.xml@0
INFO [org.netbeans.updater]: 780: Unpacking org-netbeans-modules-nbjavac.nbm
INFO [org.netbeans.updater]: File installed D:\Tek\Exercises\config\Modules\org-netbeans-modules-nbjavac.xml@0
INFO [org.netbeans.updater]: Copied file D:\Tek\Exercises\update\download\org-netbeans-modules-nbjavac.nbm:netbeans/config/Modules/org-netbeans-modules-nbjavac.xml to D:\Tek\Exercises\config\Modules\org-netbeans-modules-nbjavac.xml
INFO [org.netbeans.updater]: File installed D:\Tek\Exercises\modules\org-netbeans-modules-nbjavac.jar.pack.gz@0
INFO [org.netbeans.updater]: Copied file D:\Tek\Exercises\update\download\org-netbeans-modules-nbjavac.nbm:netbeans/modules/org-netbeans-modules-nbjavac.jar.pack.gz to D:\Tek\Exercises\modules\org-netbeans-modules-nbjavac.jar.pack.gz
INFO [org.netbeans.updater]: Unpack D:\Tek\Exercises\modules\org-netbeans-modules-nbjavac.jar.pack.gz to D:\Tek\Exercises\modules\org-netbeans-modules-nbjavac.jar
INFO [org.netbeans.updater]: File D:\Tek\Exercises\modules\org-netbeans-modules-nbjavac.jar.pack.gz deleted.
WARNING [org.netbeans.updater]: Error: Cannot delete D:\Tek\Exercises\update\download\org-netbeans-modules-nbjavac.nbm
INFO [org.netbeans.updater]: Use XML Transformer: com.sun.org.apache.xalan.internal.xsltc.trax.TransformerImpl@1ae56dfa
INFO [org.netbeans.updater]: File D:\Tek\Exercises\update_tracking\org-netbeans-modules-nbjavac.xml modified.
INFO [org.netbeans.updater]: File installed D:\Tek\Exercises\update_tracking\org-netbeans-modules-nbjavac.xml@0
INFO [org.netbeans.updater]: File D:\Tek\Exercises\update\download\additional_information.xml deleted.
INFO [org.netbeans.core.startup.NbEvents]: Turning on modules:
	org.netbeans.libs.javacapi [8.26.0.3 3 netbeans-release-428-on-20190716]
	org.netbeans.modules.nbjavac.api [1.71 190926]
	org.netbeans.libs.javacimpl/1 [0.52.0.25 25 netbeans-release-428-on-20190716]
	org.netbeans.modules.nbjavac.impl [1.71 190926]
	org.netbeans.modules.nbjavac/1 [1.71 190926]
WARNING [org.netbeans.JarClassLoader]: Opening C:\Program Files\NetBeans-11.1\netbeans\java\modules\ext\jaxws22\api\saaj-api.jar took 527 ms
WARNING [org.netbeans.JarClassLoader]: Opening C:\Program Files\NetBeans-11.1\netbeans\java\modules\ext\jaxws22\api\jaxws-api.jar took 607 ms
WARNING [org.netbeans.JarClassLoader]: Opening C:\Program Files\NetBeans-11.1\netbeans\java\modules\ext\jaxws22\ha-api.jar took 530 ms
WARNING [org.netbeans.JarClassLoader]: Opening C:\Program Files\NetBeans-11.1\netbeans\java\maven\lib\cdi-api-1.0.jar took 1,030 ms
WARNING [org.netbeans.core.modules]: the modules [org.netbeans.modules.java.editor.lib] use org.netbeans.modules.editor.deprecated.pre65formatting which is deprecated.
WARNING [org.netbeans.core.modules]: the modules [org.netbeans.modules.java.hints, org.netbeans.modules.maven.hints] use org.netbeans.modules.java.hints.legacy.spi which is deprecated: Use Java Hints SPI (org.netbeans.spi.java.hints) instead.
WARNING [org.netbeans.TopSecurityManager]: use of system property netbeans.home has been obsoleted in favor of InstalledFileLocator/Places at org.netbeans.modules.java.j2seplatform.platformdefinition.Util.removeNBArtifacts(Util.java:337)
WARNING [org.netbeans.modules.java.j2seplatform.libraries.J2SELibraryTypeProvider]: Can not resolve URL: nbinst://org.netbeans.modules.j2ee.eclipselink/modules/ext/docs/javax.persistence-2.1.0-doc.zip
WARNING [org.netbeans.modules.java.j2seplatform.libraries.J2SELibraryTypeProvider]: Can not resolve URL: nbinst://org.netbeans.modules.j2ee.eclipselink/modules/ext/eclipselink/eclipselink.jar
INFO [org.netbeans.core.startup.NbEvents]: Turning on modules:
	org.netbeans.lib.nbjavac [1.21.0.3.25 3 netbeans-release-428-on-20190716]
	org.netbeans.api.java/1 [1.70 netbeans-release-428-on-20190716]
	org.netbeans.modules.java.platform/1 [1.47 netbeans-release-428-on-20190716]
	org.netbeans.modules.classfile/1 [1.57 netbeans-release-428-on-20190716]
	org.netbeans.modules.java.lexer/1 [1.40 netbeans-release-428-on-20190716]
	org.netbeans.modules.java.preprocessorbridge [1.54.0.1 1 netbeans-release-428-on-20190716]
	org.netbeans.modules.java.source.base [2.42.0.5.3.25.8.1 5 netbeans-release-428-on-20190716]
	org.netbeans.modules.java.source [0.169.0.32.3.25.5.1 32 netbeans-release-428-on-20190716]
	org.netbeans.modules.java.project/1 [1.77 netbeans-release-428-on-20190716]
	org.netbeans.modules.code.analysis/0 [1.31 netbeans-release-428-on-20190716]
	org.netbeans.spi.java.hints [1.35.0.13.3.25.32.5.8 13 netbeans-release-428-on-20190716]
	org.netbeans.api.debugger.jpda/2 [3.12 netbeans-release-428-on-20190716]
	org.netbeans.spi.debugger.jpda.ui [3.8 netbeans-release-428-on-20190716]
	org.netbeans.modules.xml.tools.java [1.34 netbeans-release-428-on-20190716]
	org.netbeans.modules.xml.multiview/1 [1.43.0.2 2 netbeans-release-428-on-20190716]
	org.netbeans.modules.xml.jaxb.api/1 [1.31 netbeans-release-428-on-20190716]
	org.netbeans.modules.options.java [1.19 netbeans-release-428-on-20190716]
	org.apache.tools.ant.module/3 [3.89.0.2 2 netbeans-release-428-on-20190716]
	org.netbeans.modules.xml.jaxb/1 [1.35 netbeans-release-428-on-20190716]
	org.netbeans.modules.libs.corba.omgapi [1.0 netbeans-release-428-on-20190716]
	org.netbeans.modules.whitelist [1.28 netbeans-release-428-on-20190716]
	org.netbeans.modules.websvc.jaxws21api/1 [1.37 netbeans-release-428-on-20190716]
	org.netbeans.libs.jaxb/1 [1.36 netbeans-release-428-on-20190716]
	org.netbeans.modules.websvc.jaxws21/1 [1.37 netbeans-release-428-on-20190716]
	org.netbeans.modules.web.inspect [0.35 netbeans-release-428-on-20190716]
	org.netbeans.modules.textmate.lexer/0 [1.3 netbeans-release-428-on-20190716]
	org.netbeans.modules.project.ant.ui/1 [1.70 netbeans-release-428-on-20190716]
	org.netbeans.modules.java.platform.ui/1 [1.47 netbeans-release-428-on-20190716]
	org.netbeans.modules.java.project.ui/1 [1.80 netbeans-release-428-on-20190716]
	org.netbeans.modules.java.sourceui/1 [1.50.0.1.25.32.5 1 netbeans-release-428-on-20190716]
	org.netbeans.modules.java.testrunner [1.25 netbeans-release-428-on-20190716]
	org.netbeans.modules.java.testrunner.ui [1.9 netbeans-release-428-on-20190716]
	org.netbeans.libs.testng/1 [1.19 netbeans-release-428-on-20190716]
	org.netbeans.modules.testng [2.25 netbeans-release-428-on-20190716]
	org.netbeans.modules.testng.ui [1.13 netbeans-release-428-on-20190716]
	org.netbeans.modules.maven.embedder/2 [2.58 netbeans-release-428-on-20190716]
	org.netbeans.modules.maven.indexer/2 [2.44 netbeans-release-428-on-20190716]
	org.netbeans.modules.maven.model/1 [1.49 netbeans-release-428-on-20190716]
	org.netbeans.modules.java.api.common/0 [1.128 netbeans-release-428-on-20190716]
	org.netbeans.modules.swing.validation/2 [1.37 netbeans-release-428-on-20190716]
	org.netbeans.modules.maven.indexer.ui/2 [2.39 netbeans-release-428-on-20190716]
	org.netbeans.modules.maven/2 [2.133 netbeans-release-428-on-20190716]
	org.netbeans.modules.testng.maven [2.21 netbeans-release-428-on-20190716]
	org.netbeans.modules.java.testrunner.ant [1.7 netbeans-release-428-on-20190716]
	org.netbeans.modules.testng.ant [2.20 netbeans-release-428-on-20190716]
	org.netbeans.html.xhr4j [1.6.1 1.6.1]
	net.java.html.json [1.6.1 1.6.1]
	net.java.html [1.6.1 1.6.1]
	net.java.html.boot.fx [1.6.1 1.6.1]
	net.java.html.boot [1.6.1 1.6.1]
	org.netbeans.html.ko4j [1.6.1 1.6.1]
	org.netbeans.api.htmlui [1.12 netbeans-release-428-on-20190716]
	org.netbeans.modules.templatesui [1.8 netbeans-release-428-on-20190716]
	org.netbeans.libs.cglib/1 [1.31 netbeans-release-428-on-20190716]
	org.netbeans.libs.springframework/1 [1.42 netbeans-release-428-on-20190716]
	org.netbeans.modules.j2ee.core.utilities/0 [1.38 netbeans-release-428-on-20190716]
	org.netbeans.modules.j2ee.metadata/0 [1.37 netbeans-release-428-on-20190716]
	org.netbeans.modules.ant.browsetask [1.45 netbeans-release-428-on-20190716]
	org.netbeans.modules.ant.debugger/1 [1.42.0.2 netbeans-release-428-on-20190716]
	org.netbeans.modules.ant.freeform/1 [1.51 netbeans-release-428-on-20190716]
	org.netbeans.modules.projectui.buildmenu/1 [1.31.0.1 1 netbeans-release-428-on-20190716]
	org.netbeans.modules.ant.kit [1.34 netbeans-release-428-on-20190716]
	org.netbeans.modules.i18n/1 [1.58 netbeans-release-428-on-20190716]
	org.netbeans.modules.refactoring.java/1 [1.66.0.1.25 1 netbeans-release-428-on-20190716]
	org.netbeans.modules.j2ee.metadata.model.support/1 [1.36 netbeans-release-428-on-20190716]
	org.netbeans.modules.j2ee.persistenceapi/1 [1.41.0.1 1 netbeans-release-428-on-20190716]
	org.netbeans.modules.debugger.jpda.ant [1.43 netbeans-release-428-on-20190716]
	org.netbeans.modules.java.j2seproject/1 [1.92.0.48 48 netbeans-release-428-on-20190716]
	org.netbeans.modules.javawebstart [1.38 netbeans-release-428-on-20190716]
	org.netbeans.libs.junit4 [1.22 netbeans-release-428-on-20190716]
	org.netbeans.modules.junitlib [1.10 netbeans-release-428-on-20190716]
	org.netbeans.modules.junit/2 [2.78 netbeans-release-428-on-20190716]
	org.netbeans.modules.java.freeform/1 [1.48 netbeans-release-428-on-20190716]
	org.netbeans.modules.java.j2seembedded [1.14 netbeans-release-428-on-20190716]
	org.netbeans.modules.java.debug [1.43.0.1.25.5 1 netbeans-release-428-on-20190716]
	org.netbeans.modules.java.examples/1 [1.41 netbeans-release-428-on-20190716]
	org.netbeans.modules.java.hints.ui [1.23.0.1.13 1 netbeans-release-428-on-20190716]
	org.netbeans.modules.java.completion [1.13.0.1 1 netbeans-release-428-on-20190716]
	org.netbeans.modules.java.editor.lib/1 [1.43 netbeans-release-428-on-20190716]
	org.netbeans.modules.java.editor.base [2.70.0.1 1 netbeans-release-428-on-20190716]
	org.netbeans.modules.java.editor/1 [2.72.0.12.1.1.1 12 netbeans-release-428-on-20190716]
	org.netbeans.modules.java.navigation/1 [1.45 netbeans-release-428-on-20190716]
	org.netbeans.modules.findbugs.installer [1.21 netbeans-release-428-on-20190716]
	org.netbeans.modules.java.hints.legacy.spi/1 [1.21.0.1.13 1 netbeans-release-428-on-20190716]
	org.netbeans.modules.java.hints/1 [1.88.0.17.25.12.1.1.32.5.1.13 17 netbeans-release-428-on-20190716]
	org.netbeans.modules.java.hints.declarative/1 [1.25.0.1.17.1.13 1 netbeans-release-428-on-20190716]
	org.netbeans.modules.java.j2seprofiles [1.13 netbeans-release-428-on-20190716]
	org.netbeans.modules.java.j2sedeploy [1.17 netbeans-release-428-on-20190716]
	org.netbeans.modules.java.j2seplatform/1 [1.46 netbeans-release-428-on-20190716]
	org.netbeans.modules.javadoc/1 [1.60.0.2.25 2 netbeans-release-428-on-20190716]
	org.netbeans.modules.nashorn.execution/1 [1.11 netbeans-release-428-on-20190716]
	org.netbeans.modules.beans/1 [1.56.0.1.12 1 netbeans-release-428-on-20190716]
	org.netbeans.modules.java.openjdk.project/1 [1.2 netbeans-release-428-on-20190716]
	org.netbeans.modules.java.graph/1 [1.5 netbeans-release-428-on-20190716]
	org.netbeans.modules.java.module.graph [1.5 netbeans-release-428-on-20190716]
	org.netbeans.modules.spellchecker.bindings.java/1 [1.35 netbeans-release-428-on-20190716]
	org.netbeans.modules.java.source.ant [1.36.0.1.5 1 netbeans-release-428-on-20190716]
	org.netbeans.modules.projectimport.eclipse.core/1 [2.35 netbeans-release-428-on-20190716]
	org.netbeans.modules.java.kit [1.40 netbeans-release-428-on-20190716]
	org.netbeans.modules.spring.beans/0 [1.45.0.1 1 netbeans-release-428-on-20190716]
	org.netbeans.modules.selenium2.java [1.7 netbeans-release-428-on-20190716]
	org.netbeans.modules.selenium2.maven [1.7 netbeans-release-428-on-20190716]
	org.netbeans.modules.schema2beans/1 [1.52 netbeans-release-428-on-20190716]
	org.netbeans.modules.projectimport.eclipse.j2se [1.33.0.48 netbeans-release-428-on-20190716]
	org.netbeans.modules.profiler.utilities/1 [1.42 netbeans-release-428-on-20190716]
	org.netbeans.lib.profiler/1 [1.113 netbeans-release-428-on-20190716]
	org.netbeans.lib.profiler.charts/1 [1.35 netbeans-release-428-on-20190716]
	org.netbeans.lib.profiler.common/1 [1.52 netbeans-release-428-on-20190716]
	org.netbeans.modules.profiler.api/1 [1.55 netbeans-release-428-on-20190716]
	org.netbeans.lib.profiler.ui/1 [1.151 netbeans-release-428-on-20190716]
	org.netbeans.modules.profiler.attach/2 [2.26 netbeans-release-428-on-20190716]
	org.netbeans.modules.profiler/3 [3.34 netbeans-release-428-on-20190716]
	org.netbeans.modules.profiler.snaptracer/1 [1.29 netbeans-release-428-on-20190716]
	org.netbeans.modules.profiler.projectsupport [1.38 netbeans-release-428-on-20190716]
	org.netbeans.modules.profiler.ppoints [1.29 netbeans-release-428-on-20190716]
	org.netbeans.modules.profiler.oql/2 [2.23 netbeans-release-428-on-20190716]
	org.netbeans.modules.profiler.oql.language/0 [0.33 netbeans-release-428-on-20190716]
	org.netbeans.modules.profiler.options [1.24 netbeans-release-428-on-20190716]
	org.netbeans.modules.profiler.nbimpl/1 [1.30 netbeans-release-428-on-20190716]
	org.netbeans.modules.profiler.nbmodule/1 [1.40 netbeans-release-428-on-20190716]
	org.netbeans.modules.profiler.heapwalker [1.117 netbeans-release-428-on-20190716]
	org.netbeans.modules.profiler.kit [1.24 netbeans-release-428-on-20190716]
	org.netbeans.modules.profiler.j2se/1 [1.41 netbeans-release-428-on-20190716]
	org.netbeans.modules.j2eeapis/1 [1.37 netbeans-release-428-on-20190716]
	org.netbeans.modules.j2ee.dd/1 [1.45.0.2 2 netbeans-release-428-on-20190716]
	org.netbeans.modules.j2ee.core/0 [1.30 netbeans-release-428-on-20190716]
	org.netbeans.api.web.webmodule [1.43 netbeans-release-428-on-20190716]
	org.netbeans.modules.j2ee.api.ejbmodule [1.42 netbeans-release-428-on-20190716]
	org.netbeans.modules.j2eeserver/4 [1.116.0.1 1 netbeans-release-428-on-20190716]
	org.netbeans.modules.dbschema/1 [1.46.0.4.30 4 netbeans-release-428-on-20190716]
	org.netbeans.modules.javaee.injection [1.11 netbeans-release-428-on-20190716]
	org.netbeans.modules.j2ee.eclipselink/1 [1.37 netbeans-release-428-on-20190716]
	org.netbeans.modules.j2ee.persistence [1.59.0.1 1 netbeans-release-428-on-20190716]
	org.netbeans.modules.profiler.j2ee/1 [1.39 netbeans-release-428-on-20190716]
	org.netbeans.modules.profiler.freeform/1 [1.40 netbeans-release-428-on-20190716]
	org.netbeans.modules.maven.spring/1 [1.34 netbeans-release-428-on-20190716]
	org.netbeans.modules.maven.coverage [1.28 netbeans-release-428-on-20190716]
	org.netbeans.modules.maven.repository/1 [1.47 netbeans-release-428-on-20190716]
	org.netbeans.modules.maven.graph/1 [1.37 netbeans-release-428-on-20190716]
	org.netbeans.modules.maven.grammar/1 [1.52.0.1 netbeans-release-428-on-20190716]
	org.netbeans.modules.maven.osgi/1 [1.40 netbeans-release-428-on-20190716]
	org.netbeans.modules.maven.refactoring [1.25 netbeans-release-428-on-20190716]
	org.netbeans.modules.maven.checkstyle [1.22 netbeans-release-428-on-20190716]
	org.netbeans.modules.maven.kit/1 [4.36 netbeans-release-428-on-20190716]
	org.netbeans.modules.maven.search [1.37 netbeans-release-428-on-20190716]
	org.netbeans.modules.maven.profiler/1 [1.37 netbeans-release-428-on-20190716]
	org.netbeans.modules.maven.persistence/1 [1.34 netbeans-release-428-on-20190716]
	org.netbeans.modules.junit.ui [1.10 netbeans-release-428-on-20190716]
	org.netbeans.modules.maven.junit.ui [1.9 netbeans-release-428-on-20190716]
	org.netbeans.modules.maven.junit/1 [1.38 netbeans-release-428-on-20190716]
	org.netbeans.modules.maven.htmlui [1.5 netbeans-release-428-on-20190716]
	org.netbeans.modules.maven.hints/1 [1.45 netbeans-release-428-on-20190716]
	org.netbeans.modules.kotlin.editor [1.0 netbeans-release-428-on-20190716]
	org.netbeans.modules.ko4j.debugging [1.7 netbeans-release-428-on-20190716]
	org.netbeans.modules.junit.ant.ui [1.10 netbeans-release-428-on-20190716]
	org.netbeans.modules.junit.ant [1.8 netbeans-release-428-on-20190716]
	org.netbeans.modules.java.source.queries [1.23 netbeans-release-428-on-20190716]
	org.netbeans.modules.java.source.queriesimpl [1.22 netbeans-release-428-on-20190716]
	org.netbeans.modules.java.source.nbjavac [1.5.0.1.3.25.5.1 1 netbeans-release-428-on-20190716]
	org.netbeans.modules.java.source.compat8 [9.8 netbeans-release-428-on-20190716]
	org.netbeans.modules.java.metrics [1.13 netbeans-release-428-on-20190716]
	org.netbeans.modules.java.j2semodule [1.7 netbeans-release-428-on-20190716]
	org.netbeans.modules.java.guards/0 [0.36 netbeans-release-428-on-20190716]
	org.netbeans.modules.j2ee.eclipselinkmodelgen/1 [1.37 netbeans-release-428-on-20190716]
	org.netbeans.modules.j2ee.jpa.refactoring [1.36 netbeans-release-428-on-20190716]
	org.netbeans.modules.j2ee.jpa.verification [1.40 netbeans-release-428-on-20190716]
	org.netbeans.modules.j2ee.persistence.kit [1.37 netbeans-release-428-on-20190716]
	org.netbeans.modules.form/2 [1.62.0.4 4 netbeans-release-428-on-20190716]
	org.netbeans.modules.form.nb/0 [0.23.0.1.4 1 netbeans-release-428-on-20190716]
	org.netbeans.modules.i18n.form/2 [1.55.0.4.1 netbeans-release-428-on-20190716]
	org.netbeans.modules.hudson.maven [1.34 netbeans-release-428-on-20190716]
	org.netbeans.modules.hudson.ant [1.32 netbeans-release-428-on-20190716]
	org.netbeans.modules.form.refactoring/0 [0.22.0.1.4.1 1 netbeans-release-428-on-20190716]
	org.netbeans.modules.form.kit [1.33 netbeans-release-428-on-20190716]
	org.netbeans.modules.editor.htmlui [1.4 netbeans-release-428-on-20190716]
	org.netbeans.modules.debugger.jpda.projects [1.45 netbeans-release-428-on-20190716]
	org.netbeans.modules.debugger.jpda.projectsui [1.8 netbeans-release-428-on-20190716]
	org.netbeans.modules.debugger.jpda/2 [1.112.0.80 80 netbeans-release-428-on-20190716]
	org.netbeans.modules.debugger.jpda.ui/1 [1.59 netbeans-release-428-on-20190716]
	org.netbeans.modules.debugger.jpda.visual/1 [1.22 netbeans-release-428-on-20190716]
	org.netbeans.modules.debugger.jpda.truffle/1 [1.2 netbeans-release-428-on-20190716]
	org.netbeans.modules.debugger.jpda.js/1 [1.15 netbeans-release-428-on-20190716]
	org.netbeans.modules.debugger.jpda.jsui/1 [1.5 netbeans-release-428-on-20190716]
	org.netbeans.modules.debugger.jpda.kit [1.20 netbeans-release-428-on-20190716]
	org.netbeans.modules.debugger.jpda.heapwalk/1 [1.36 netbeans-release-428-on-20190716]
	org.netbeans.modules.ant.grammar/1 [1.49 netbeans-release-428-on-20190716]
WARNING [org.openide.filesystems.Ordering]: Found same position 127 for both Services/MIMEResolver/org-netbeans-modules-javascript-nodejs-file-NpmDebugLogDataObject-Registration.xml and Services/MIMEResolver/org-netbeans-modules-javascript-nodejs-file-PackageJsonDataObject-Registration.xml
WARNING [org.openide.filesystems.Ordering]: Found same position 127 for both Services/MIMEResolver/org-netbeans-modules-javascript-nodejs-file-NpmDebugLogDataObject-Registration.xml and Services/MIMEResolver/org-netbeans-modules-javascript-nodejs-file-PackageLockJsonDataObject-Registration.xml
WARNING [org.openide.filesystems.Ordering]: Found same position 127 for both Services/MIMEResolver/org-netbeans-modules-javascript-nodejs-file-PackageJsonDataObject-Registration.xml and Services/MIMEResolver/org-netbeans-modules-javascript-nodejs-file-PackageLockJsonDataObject-Registration.xml
WARNING [org.openide.filesystems.Ordering]: Not all children in Services/MIMEResolver/ marked with the position attribute: [org-netbeans-modules-kotlin-editor-KtDataObject-Extension.xml], but some are: [org-openide-loaders-DataLoaderPool$InstanceLoaderSystem-Extension.xml, org-netbeans-core-startup-layers-SystemFileSystem-Extension.xml, org-netbeans-modules-java-JavaDataObject-Extension.xml, org-netbeans-modules-java-ClassDataObject-Extension.xml, org-netbeans-modules-image-ImageDataObject-serialVersionUID-Extension.xml, org-netbeans-modules-image-ImageDataObject-IMAGE_ICON_BASE-Extension.xml, org-netbeans-modules-image-ImageDataObject-openSupport-Extension.xml, org-netbeans-modules-image-ImageDataObject-printSupport-Extension.xml, org-netbeans-modules-properties-PropertiesDataObject-Extension.xml, org-netbeans-modules-javascript-gulp-file-Gulpfile-Registration.xml, org-netbeans-modules-javascript-grunt-file-Gruntfile-Registration.xml, org-netbeans-modules-javascript2-editor-JsonLanguage-createMultiViewEditorElement-Registration.xml, org-netbeans-modules-php-twig-editor-TwigDataObject-Extension.xml, org-netbeans-modules-javascript-karma-util-KarmaUtils-Registration.xml, org-netbeans-modules-javascript-nodejs-file-NpmDebugLogDataObject-Registration.xml, org-netbeans-modules-javascript-nodejs-file-PackageJsonDataObject-Registration.xml, org-netbeans-modules-javascript-nodejs-file-PackageLockJsonDataObject-Registration.xml, org-netbeans-modules-javascript-bower-file-BowerJson-Registration.xml, org-netbeans-modules-javascript-bower-file-BowerrcJson-Registration.xml, org-netbeans-modules-languages-manifest-MfDataObject-Extension.xml, org-netbeans-modules-languages-apacheconf-ApacheConfDataObject-Registration.xml, org-netbeans-modules-javascript-jstestdriver-JSTestDriverSupport-Registration.xml, org-netbeans-modules-languages-ini-IniDataObject-Extension.xml, org-netbeans-modules-languages-neon-NeonDataObject-Extension.xml, org-netbeans-modules-form-FormDataLoader-Extension.xml, org-netbeans-core-ide-ServiceTabProcessor-Extension.xml, org-netbeans-modules-testng-ui-wizards-TestNGSuiteDataObject-Registration.xml, org-netbeans-modules-css-editor-CssProjectSupport-Extension.xml, org-netbeans-modules-languages-diff-DiffDataObject-Extension.xml, org-netbeans-modules-javascript2-editor-JsLanguage-createMultiViewEditorElement-Extension.xml, org-netbeans-modules-javascript2-jade-editor-JadeLanguage-createMultiViewEditorElement-Extension.xml, org-netbeans-modules-javascript2-editor-JsonLanguage-createMultiViewEditorElement-Extension.xml, org-netbeans-modules-db-sql-loader-SQLDataObject-Extension.xml, org-netbeans-modules-javawebstart-JnlpDataObject-Extension.xml, org-netbeans-modules-j2ee-persistence-unit-PUDataObject-Registration.xml, org-netbeans-modules-jshell-env-JShellDataObject-Extension.xml, org-netbeans-modules-groovy-gsp-GspLanguage-Extension.xml, org-netbeans-modules-languages-yaml-YamlLanguage-Extension.xml, org-netbeans-modules-groovy-editor-api-parser-GroovyLanguage-Extension.xml, org-netbeans-modules-php-editor-index-PHPIndexer-LOG-Extension.xml, org-netbeans-modules-gradle-GradleDataObject-Extension.xml, org-netbeans-modules-html-HtmlDataObject-Registration.xml, org-netbeans-modules-maven-grammar-POMDataObject-Registration.xml, org-apache-tools-ant-module-loader-AntProjectDataObject-Registration.xml, org-netbeans-modules-apisupport-project-layers-LayerDataObject-Namespace.xml, org-netbeans-modules-editor-settings-storage-SettingsProvider-Registration.xml, org-netbeans-modules-j2ee-ddloaders-common-DD2beansDataObject-Registration.xml, org-netbeans-modules-j2ee-sun-ddloaders-SunDescriptorDataObject-Registration.xml, org-netbeans-modules-url-URLDataObject-Extension.xml, org-netbeans-modules-pdf-PDFDataObject-Extension.xml, org-netbeans-modules-php-smarty-editor-TplDataObject-Extension.xml, org-netbeans-modules-tomcat5-ui-nodes-TomcatInstanceNode-createMultiViewEditorElement-Registration.xml, org-netbeans-modules-web-core-jsploader-JspDataObject-Registration.xml, org-netbeans-modules-web-jsf-JSFConfigDataObject-Registration.xml, org-netbeans-modules-web-struts-StrutsConfigDataObject-Namespace.xml, org-netbeans-modules-spring-beans-loader-SpringXMLConfigDataObject-Namespace.xml, org-netbeans-modules-xsl-XSLDataObject-Namespace.xml, org-netbeans-modules-java-jarloader-JarDataObject-Registration.xml, org-netbeans-modules-xml-jaxb-JAXBWizard-Extension.xml, org-netbeans-lib-editor-codetemplates-storage-CodeTemplatesStorage-Namespace.xml, org-netbeans-modules-editor-macros-storage-MacrosStorage-Namespace.xml, mimeresolver-Registration.xml, org-netbeans-modules-web-beans-BeansDataObject-Namespace.xml, org-netbeans-modules-j2ee-sun-ide-sunresources-resourcesloader-SunResourceDataObject-Extension.xml, org-netbeans-modules-profiler-oql-language-OQLLanguageProvider-Extension.xml, org-netbeans-modules-dbschema-jdbcimpl-DBschemaDataObject-Extension.xml, org-netbeans-modules-css-prep-editor-less-LessCslLanguage-Extension.xml, org-netbeans-modules-css-prep-editor-scss-ScssCslLanguage-Extension.xml, org-netbeans-modules-j2ee-persistence-jpqleditor-ui-JPQLEditorTopComponent-Extension.xml, org-netbeans-modules-php-latte-LatteDataObject-Extension.xml, org-netbeans-modules-profiler-snaptracer-impl-NpssDataObject-Registration.xml, org-netbeans-modules-java-hints-declarative-HintDataObject-Extension.xml, org-netbeans-modules-payara-eecommon-dd-loader-PayaraDescriptorDataObject-Registration.xml, org-netbeans-modules-javafx2-editor-fxml-FXMLDataObject-Extension.xml, org-netbeans-modules-form-palette-PaletteItemDataObject-Extension.xml, org-netbeans-modules-xml-XMLDataObject-MIME_PLAIN_XML-Registration.xml, org-netbeans-modules-xml-DTDDataObject-Extension.xml, org-netbeans-modules-xml-EntityDataObject-Extension.xml, org-netbeans-modules-xml-XMLDataObject-MIME_XSD_XML-Registration.xml, org-netbeans-libs-freemarker-FreemarkerFactory-Registration.xml, org-netbeans-modules-apisupport-project-layers-LayerDataObject-Registration.xml, resources-Registration.xml, org-netbeans-modules-profiler-ui-NpsDataObject-Registration.xml, org-netbeans-modules-profiler-ui-HprofDataObject-Registration.xml, org-netbeans-modules-javascript-nodejs-file-NodeMimeResolver-Registration.xml, org-netbeans-modules-xml-XMLDataObject-Registration.xml, org-netbeans-modules-java-hints-declarative-test-DeclarativeHintsTestDataObject-Extension.xml, org-netbeans-modules-debugger-jpda-truffle-mime-LanguageResolvers-SimpleLanguage-Extension.xml, org-netbeans-modules-debugger-jpda-truffle-mime-LanguageResolvers-R-Extension.xml, org-netbeans-modules-debugger-jpda-truffle-mime-LanguageResolvers-Ruby-Extension.xml, org-netbeans-modules-debugger-jpda-truffle-mime-LanguageResolvers-Python-Extension.xml, org-netbeans-modules-defaults-mime-wav.xml]
WARNING [org.openide.util.ImageUtilities]: Initial slashes in Utilities.loadImage deprecated (cf. #20072): /org/netbeans/modules/refactoring/java/resources/cancel.png
WARNING [org.openide.util.ImageUtilities]: Initial slashes in Utilities.loadImage deprecated (cf. #20072): /org/netbeans/modules/refactoring/java/resources/who_is_called.png
WARNING [org.openide.util.ImageUtilities]: Initial slashes in Utilities.loadImage deprecated (cf. #20072): /org/netbeans/modules/refactoring/java/resources/who_calls.png
WARNING [org.openide.util.ImageUtilities]: Initial slashes in Utilities.loadImage deprecated (cf. #20072): /org/netbeans/modules/refactoring/java/resources/filter.png
WARNING [org.netbeans.modules.java.j2seplatform.libraries.J2SELibraryTypeProvider]: Can not resolve URL: nbinst://org.netbeans.libs.javacapi/modules/ext/nb-javac-api.jar
WARNING [org.netbeans.modules.java.j2seplatform.libraries.J2SELibraryTypeProvider]: Can not resolve URL: nbinst://org.netbeans.libs.jaxb/modules/ext/jaxb/jaxb-impl.jar
WARNING [org.netbeans.modules.java.j2seplatform.libraries.J2SELibraryTypeProvider]: Can not resolve URL: nbinst://org.netbeans.libs.jaxb/modules/ext/jaxb/jaxb-xjc.jar
WARNING [org.netbeans.modules.java.j2seplatform.libraries.J2SELibraryTypeProvider]: Can not resolve URL: nbinst://org.netbeans.modules.xml.jaxb.api/modules/ext/jaxb/api/jsr173_1.0_api.jar
WARNING [org.netbeans.TopSecurityManager]: use of system property netbeans.user has been obsoleted in favor of InstalledFileLocator/Places at org.apache.maven.settings.building.DefaultSettingsBuildingRequest.setSystemProperties(DefaultSettingsBuildingRequest.java:122)
WARNING [org.netbeans.TopSecurityManager]: use of system property netbeans.user has been obsoleted in favor of InstalledFileLocator/Places at org.apache.maven.repository.internal.MavenRepositorySystemUtils.newSession(MavenRepositorySystemUtils.java:133)
WARNING [org.netbeans.modules.java.j2seplatform.libraries.J2SELibraryTypeProvider]: Can not resolve URL: nbinst://org.netbeans.modules.j2ee.eclipselink/modules/ext/docs/javax.persistence-2.1.0-doc.zip
INFO [org.netbeans.modules.parsing.impl.indexing.RepositoryUpdater]: Resolving dependencies took: 93 ms
INFO [org.netbeans.modules.parsing.impl.indexing.RepositoryUpdater]: Complete indexing of 21 binary roots took: 2,090 ms
INFO [org.netbeans.modules.parsing.impl.indexing.RepositoryUpdater]: Indexing of: D:\Tek\Exercises\Ex11.1\src\test\java took: 1 ms (New or modified files: 0, Deleted files: 0) [Adding listeners took: 0 ms]
INFO [org.netbeans.modules.parsing.impl.indexing.RepositoryUpdater]: Indexing of: D:\Tek\Exercises\Ex11.1\src\test\resources took: 0 ms (New or modified files: 0, Deleted files: 0) [Adding listeners took: 0 ms]
INFO [org.netbeans.modules.parsing.impl.indexing.RepositoryUpdater]: Indexing of: D:\Tek\Exercises\Ex11.1\src\main\java took: 5,179 ms (New or modified files: 1, Deleted files: 0) [Adding listeners took: 4 ms]
INFO [org.netbeans.modules.parsing.impl.indexing.RepositoryUpdater]: Indexing of: D:\Tek\Exercises\Ex11.1\src\main\resources took: 0 ms (New or modified files: 0, Deleted files: 0) [Adding listeners took: 0 ms]
INFO [org.netbeans.modules.parsing.impl.indexing.RepositoryUpdater]: Complete indexing of 4 source roots took: 5,180 ms (New or modified files: 1, Deleted files: 0) [Adding listeners took: 4 ms]
WARNING [org.openide.filesystems.Ordering]: Not all children in / marked with the position attribute: [org-netbeans-modules-lsp-client-bindings-CompletionProviderImpl.instance], but some are: [org-netbeans-modules-parsing-ui-WaitScanFinishedCompletionProvider.instance, org-netbeans-modules-editor-java-JavaCompletionProvider.instance, org-netbeans-modules-java-editor-javadoc-JavadocCompletionProvider.instance, org-netbeans-lib-editor-codetemplates-CodeTemplateCompletionProvider.instance, org-netbeans-modules-j2ee-persistence-editor-completion-JPACodeCompletionProvider.instance, org-netbeans-modules-spellchecker-completion-WordCompletion.instance]
INFO [org.netbeans.modules.java.source.parsing.JavacParser]: Did not parse anything for: file:/D:/Tek/Exercises/Ex11.1/src/main/java/pogriban/ex11/Main11_1.java
WARNING [org.openide.filesystems.Ordering]: Found same position 400 for both Templates/Project/AntJava/J2EE and Templates/Project/AntJava/j2sefreeform.xml
WARNING [org.openide.filesystems.Ordering]: Found same position 200 for both Templates/Project/AntJava/Web and Templates/Project/AntJava/org-netbeans-modules-java-j2seproject-ui-wizards-NewJ2SEProjectWizardIterator-library
INFO [org.netbeans.modules.parsing.impl.indexing.RepositoryUpdater]: Resolving dependencies took: 18 ms
INFO [org.netbeans.modules.parsing.impl.indexing.RepositoryUpdater]: Complete indexing of 1 binary roots took: 115 ms
INFO [org.netbeans.modules.parsing.impl.indexing.RepositoryUpdater]: Indexing of: D:\Tek\Exercises\Ex16.3\src\test\resources took: 0 ms (New or modified files: 0, Deleted files: 0) [Adding listeners took: 0 ms]
INFO [org.netbeans.modules.parsing.impl.indexing.RepositoryUpdater]: Indexing of: D:\Tek\Exercises\Ex16.3\src\test\java took: 0 ms (New or modified files: 0, Deleted files: 0) [Adding listeners took: 0 ms]
INFO [org.netbeans.modules.parsing.impl.indexing.RepositoryUpdater]: Indexing of: D:\Tek\Exercises\Ex16.3\src\main\resources took: 0 ms (New or modified files: 0, Deleted files: 0) [Adding listeners took: 0 ms]
INFO [org.netbeans.modules.parsing.impl.indexing.RepositoryUpdater]: Indexing of: D:\Tek\Exercises\Ex16.3\src\main\java took: 270 ms (New or modified files: 0, Deleted files: 0) [Adding listeners took: 0 ms]
INFO [org.netbeans.modules.parsing.impl.indexing.RepositoryUpdater]: Complete indexing of 4 source roots took: 270 ms (New or modified files: 0, Deleted files: 0) [Adding listeners took: 0 ms]
WARNING [org.openide.filesystems.Ordering]: Not all children in / marked with the position attribute: [org-netbeans-modules-lsp-client-bindings-HyperlinkProviderImpl.instance], but some are: [JavaHyperlinkProvider.instance, org.netbeans.modules.j2ee.persistence.editor.hyperlink.NamedQueryHyperlinkProvider.instance, HyperlinkProviderImpl.instance, org-netbeans-modules-editor-url-HyperlinkImpl.instance]
INFO [org.netbeans.modules.parsing.impl.indexing.RepositoryUpdater]: Resolving dependencies took: 532 ms
INFO [org.netbeans.modules.parsing.impl.indexing.RepositoryUpdater]: Complete indexing of 0 binary roots took: 0 ms
INFO [org.netbeans.modules.parsing.impl.indexing.RepositoryUpdater]: Indexing of: D:\Tek\Exercises\Ex16.3\src\test\java took: 281 ms (New or modified files: 0, Deleted files: 0) [Adding listeners took: 0 ms]
INFO [org.netbeans.modules.parsing.impl.indexing.RepositoryUpdater]: Complete indexing of 1 source roots took: 281 ms (New or modified files: 0, Deleted files: 0) [Adding listeners took: 0 ms]
INFO [org.netbeans.modules.parsing.impl.TaskProcessor]: Task: CancelableTaskWrapper[task: org.netbeans.modules.java.navigation.ElementScanningTask@41161ff5, phase: ELEMENTS_RESOLVED, priority: 300] : class org.netbeans.modules.java.source.JavaSourceAccessor$CancelableTaskWrapper ignored cancel for 138 ms.
WARNING [org.netbeans.modules.options.keymap.LayersBridge]: Invalid shortcut: org.openide.loaders.XMLDataObject@6dcaf44f[MultiFileObject@67ae5d41[Actions/Help/master-help.xml]]
WARNING [org.netbeans.modules.options.keymap.LayersBridge]: Invalid shortcut: org.openide.loaders.BrokenDataShadow@53e009e0[MultiFileObject@5c4f7f9a[Keymaps/NetBeans/D-BACK_QUOTE.shadow]]
WARNING [null]: Last record repeated again.
INFO [org.netbeans.modules.parsing.impl.indexing.RepositoryUpdater]: Resolving dependencies took: 8 ms
INFO [org.netbeans.modules.parsing.impl.indexing.RepositoryUpdater]: Complete indexing of 0 binary roots took: 0 ms
INFO [org.netbeans.modules.parsing.impl.indexing.RepositoryUpdater]: Indexing of: D:\Tek\Exercises\Ex16.3\src\test\java took: 101 ms (New or modified files: 0, Deleted files: 0) [Adding listeners took: 0 ms]
INFO [org.netbeans.modules.parsing.impl.indexing.RepositoryUpdater]: Complete indexing of 1 source roots took: 101 ms (New or modified files: 0, Deleted files: 0) [Adding listeners took: 0 ms]
WARNING [org.netbeans.modules.progress.spi.InternalHandle]: Cannot switch to silent mode when not running at org.netbeans.core.ui.warmup.MenuWarmUpTask$NbWindowsAdapter$1HandleBridge.run(MenuWarmUpTask.java:244)
WARNING [null]: Last record repeated 4 more times.
WARNING [org.openide.filesystems.Ordering]: Not all children in / marked with the position attribute: [org-netbeans-modules-editor-java-JavaBracesMatcher.shadow], but some are: [org-netbeans-modules-editor-bracesmatching-LegacyEssMatcher.instance, org-netbeans-modules-editor-bracesmatching-DefaultMatcher.instance]
INFO [org.netbeans.modules.parsing.impl.TaskProcessor]: Task: org.netbeans.modules.java.editor.semantic.SemanticHighlighter@49e1a91b : class org.netbeans.modules.java.editor.semantic.SemanticHighlighter ignored cancel for 154 ms.
INFO [org.netbeans.modules.parsing.impl.TaskProcessor]: Task: org.netbeans.modules.java.editor.semantic.SemanticHighlighter@49e1a91b : class org.netbeans.modules.java.editor.semantic.SemanticHighlighter ignored cancel for 125 ms.
WARNING [org.openide.util.WeakListenerImpl]: Can't remove java.beans.PropertyChangeListener using method org.netbeans.modules.maven.NbMavenProjectImpl.removePropertyChangeListener from Maven[D:\Tek\Exercises\Ex16.3\pom.xml]
WARNING [null]: Last record repeated more than 10 times, further logs of this record are ignored until the log record changes.
WARNING [null]: Last record repeated 36 times in total.
INFO [org.netbeans.modules.java.navigation.ElementScanningTask]: Duplicate enclosed element: <error>
INFO [null]: Last record repeated more than 10 times, further logs of this record are ignored until the log record changes.
INFO [null]: Last record repeated 12 times in total.
INFO [org.netbeans.modules.bugtracking.BugtrackingManager]: Loading stored repositories took 385 millis.
INFO [org.netbeans.modules.java.navigation.ElementScanningTask]: Duplicate enclosed element: <error>
INFO [null]: Last record repeated more than 10 times, further logs of this record are ignored until the log record changes.
INFO [null]: Last record repeated 36 times in total.
INFO [org.netbeans.modules.parsing.impl.TaskProcessor]: Task: org.netbeans.modules.java.editor.semantic.SemanticHighlighter@4e961f34 : class org.netbeans.modules.java.editor.semantic.SemanticHighlighter ignored cancel for 90 ms.
INFO [org.netbeans.modules.java.navigation.ElementScanningTask]: Duplicate enclosed element: <error>
INFO [null]: Last record repeated 5 more times.
WARNING [org.openide.filesystems.Ordering]: Not all children in / marked with the position attribute: [org-netbeans-modules-lsp-client-bindings-CodeActions.instance], but some are: [org-netbeans-modules-java-editor-codegen-ConstructorGenerator$Factory.instance, org-netbeans-modules-java-editor-codegen-LoggerGenerator$Factory.instance, org-netbeans-modules-java-editor-codegen-GetterSetterGenerator$Factory.instance, org-netbeans-modules-java-editor-codegen-EqualsHashCodeGenerator$Factory.instance, org-netbeans-modules-java-editor-codegen-ToStringGenerator$Factory.instance, org-netbeans-modules-java-editor-codegen-DelegateMethodGenerator$Factory.instance, org-netbeans-modules-java-editor-codegen-ImplementOverrideMethodGenerator$Factory.instance, org-netbeans-modules-beans-addproperty-AddPropertyCodeGenerator$Factory.instance, org-netbeans-modules-j2ee-persistence-action-UseEntityManagerCodeGenerator$Factory.instance]
